Oct 24, 2017 9:07:20 PM org.apache.catalina.core.AprLifecycleListener init
INFO: The APR based Apache Tomcat Native library which allows optimal performance in production environments was not found on the java.library.path: /usr/java/packages/lib/i386:/usr/lib/i386-linux-gnu/jni:/lib/i386-linux-gnu:/usr/lib/i386-linux-gnu:/usr/lib/jni:/lib:/usr/lib
Oct 24, 2017 9:07:20 PM org.apache.coyote.AbstractProtocol init
INFO: Initializing ProtocolHandler ["http-bio-8040"]
Oct 24, 2017 9:07:20 PM org.apache.coyote.AbstractProtocol init
INFO: Initializing ProtocolHandler ["ajp-bio-8009"]
Oct 24, 2017 9:07:20 PM org.apache.catalina.startup.Catalina load
INFO: Initialization processed in 821 ms
Oct 24, 2017 9:07:20 PM org.apache.catalina.core.StandardService startInternal
INFO: Starting service Catalina
Oct 24, 2017 9:07:20 PM org.apache.catalina.core.StandardEngine startInternal
INFO: Starting Servlet Engine: Apache Tomcat/7.0.34
Oct 24, 2017 9:07:20 PM org.apache.catalina.startup.HostConfig deployDirectory
INFO: Deploying web application directory /home/user/apache-tomcat-7.0.34/webapps/docs
Oct 24, 2017 9:07:21 PM org.apache.catalina.startup.HostConfig deployDirectory
INFO: Deploying web application directory /home/user/apache-tomcat-7.0.34/webapps/ROOT
Oct 24, 2017 9:07:21 PM org.apache.catalina.startup.HostConfig deployDirectory
INFO: Deploying web application directory /home/user/apache-tomcat-7.0.34/webapps/myEndPointApp
Oct 24, 2017 9:07:21 PM org.apache.catalina.loader.WebappClassLoader validateJarFile
INFO: validateJarFile(/home/user/apache-tomcat-7.0.34/webapps/myEndPointApp/WEB-INF/lib/el-api-2.2.jar) - jar not loaded. See Servlet Spec 2.3, section 9.7.2. Offending class: javax/el/Expression.class
Oct 24, 2017 9:07:21 PM org.apache.catalina.loader.WebappClassLoader validateJarFile
INFO: validateJarFile(/home/user/apache-tomcat-7.0.34/webapps/myEndPointApp/WEB-INF/lib/javax.servlet-api-3.0.1.jar) - jar not loaded. See Servlet Spec 2.3, section 9.7.2. Offending class: javax/servlet/Servlet.class
Oct 24, 2017 9:07:21 PM org.apache.catalina.core.ContainerBase addChildInternal
SEVERE: ContainerBase.addChild: start: 
org.apache.catalina.LifecycleException: Failed to start component [StandardEngine[Catalina].StandardHost[localhost].StandardContext[/myEndPointApp]]
	at org.apache.catalina.util.LifecycleBase.start(LifecycleBase.java:154)
	at org.apache.catalina.core.ContainerBase.addChildInternal(ContainerBase.java:901)
	at org.apache.catalina.core.ContainerBase.addChild(ContainerBase.java:877)
	at org.apache.catalina.core.StandardHost.addChild(StandardHost.java:633)
	at org.apache.catalina.startup.HostConfig.deployDirectory(HostConfig.java:1114)
	at org.apache.catalina.startup.HostConfig$DeployDirectory.run(HostConfig.java:1673)
	at java.util.concurrent.Executors$RunnableAdapter.call(Executors.java:471)
	at java.util.concurrent.FutureTask.run(FutureTask.java:262)
	at java.util.concurrent.ThreadPoolExecutor.runWorker(ThreadPoolExecutor.java:1145)
	at java.util.concurrent.ThreadPoolExecutor$Worker.run(ThreadPoolExecutor.java:615)
	at java.lang.Thread.run(Thread.java:745)
Caused by: java.lang.UnsupportedClassVersionError: org/glassfish/jersey/servlet/init/JerseyServletContainerInitializer : Unsupported major.minor version 52.0 (unable to load class org.glassfish.jersey.servlet.init.JerseyServletContainerInitializer)
	at org.apache.catalina.loader.WebappClassLoader.findClassInternal(WebappClassLoader.java:2908)
	at org.apache.catalina.loader.WebappClassLoader.findClass(WebappClassLoader.java:1173)
	at org.apache.catalina.loader.WebappClassLoader.loadClass(WebappClassLoader.java:1681)
	at org.apache.catalina.loader.WebappClassLoader.loadClass(WebappClassLoader.java:1559)
	at java.lang.Class.forName0(Native Method)
	at java.lang.Class.forName(Class.java:278)
	at org.apache.catalina.startup.ContextConfig.getServletContainerInitializer(ContextConfig.java:1658)
	at org.apache.catalina.startup.ContextConfig.processServletContainerInitializers(ContextConfig.java:1568)
	at org.apache.catalina.startup.ContextConfig.webConfig(ContextConfig.java:1276)
	at org.apache.catalina.startup.ContextConfig.configureStart(ContextConfig.java:878)
	at org.apache.catalina.startup.ContextConfig.lifecycleEvent(ContextConfig.java:369)
	at org.apache.catalina.util.LifecycleSupport.fireLifecycleEvent(LifecycleSupport.java:119)
	at org.apache.catalina.util.LifecycleBase.fireLifecycleEvent(LifecycleBase.java:90)
	at org.apache.catalina.core.StandardContext.startInternal(StandardContext.java:5173)
	at org.apache.catalina.util.LifecycleBase.start(LifecycleBase.java:150)
	... 10 more

Oct 24, 2017 9:07:21 PM org.apache.catalina.startup.HostConfig deployDirectory
SEVERE: Error deploying web application directory /home/user/apache-tomcat-7.0.34/webapps/myEndPointApp
java.lang.IllegalStateException: ContainerBase.addChild: start: org.apache.catalina.LifecycleException: Failed to start component [StandardEngine[Catalina].StandardHost[localhost].StandardContext[/myEndPointApp]]
	at org.apache.catalina.core.ContainerBase.addChildInternal(ContainerBase.java:904)
	at org.apache.catalina.core.ContainerBase.addChild(ContainerBase.java:877)
	at org.apache.catalina.core.StandardHost.addChild(StandardHost.java:633)
	at org.apache.catalina.startup.HostConfig.deployDirectory(HostConfig.java:1114)
	at org.apache.catalina.startup.HostConfig$DeployDirectory.run(HostConfig.java:1673)
	at java.util.concurrent.Executors$RunnableAdapter.call(Executors.java:471)
	at java.util.concurrent.FutureTask.run(FutureTask.java:262)
	at java.util.concurrent.ThreadPoolExecutor.runWorker(ThreadPoolExecutor.java:1145)
	at java.util.concurrent.ThreadPoolExecutor$Worker.run(ThreadPoolExecutor.java:615)
	at java.lang.Thread.run(Thread.java:745)

Oct 24, 2017 9:07:21 PM org.apache.catalina.startup.HostConfig deployDirectory
INFO: Deploying web application directory /home/user/apache-tomcat-7.0.34/webapps/examples
Oct 24, 2017 9:07:21 PM org.apache.catalina.startup.HostConfig deployDirectory
INFO: Deploying web application directory /home/user/apache-tomcat-7.0.34/webapps/manager
Oct 24, 2017 9:07:21 PM org.apache.catalina.startup.HostConfig deployDirectory
INFO: Deploying web application directory /home/user/apache-tomcat-7.0.34/webapps/host-manager
Oct 24, 2017 9:07:21 PM org.apache.coyote.AbstractProtocol start
INFO: Starting ProtocolHandler ["http-bio-8040"]
Oct 24, 2017 9:07:21 PM org.apache.coyote.AbstractProtocol start
INFO: Starting ProtocolHandler ["ajp-bio-8009"]
Oct 24, 2017 9:07:21 PM org.apache.catalina.startup.Catalina start
INFO: Server startup in 917 ms
Oct 24, 2017 9:10:47 PM org.apache.catalina.core.StandardServer await
INFO: A valid shutdown command was received via the shutdown port. Stopping the Server instance.
Oct 24, 2017 9:10:47 PM org.apache.coyote.AbstractProtocol pause
INFO: Pausing ProtocolHandler ["http-bio-8040"]
Oct 24, 2017 9:10:47 PM org.apache.coyote.AbstractProtocol pause
INFO: Pausing ProtocolHandler ["ajp-bio-8009"]
Oct 24, 2017 9:10:47 PM org.apache.catalina.core.StandardService stopInternal
INFO: Stopping service Catalina
Oct 24, 2017 9:10:47 PM org.apache.coyote.AbstractProtocol stop
INFO: Stopping ProtocolHandler ["http-bio-8040"]
Oct 24, 2017 9:10:47 PM org.apache.coyote.AbstractProtocol stop
INFO: Stopping ProtocolHandler ["ajp-bio-8009"]
Oct 24, 2017 9:10:47 PM org.apache.coyote.AbstractProtocol destroy
INFO: Destroying ProtocolHandler ["http-bio-8040"]
Oct 24, 2017 9:10:47 PM org.apache.coyote.AbstractProtocol destroy
INFO: Destroying ProtocolHandler ["ajp-bio-8009"]
Oct 24, 2017 9:10:57 PM org.apache.catalina.core.AprLifecycleListener init
INFO: The APR based Apache Tomcat Native library which allows optimal performance in production environments was not found on the java.library.path: /usr/java/packages/lib/i386:/usr/lib/i386-linux-gnu/jni:/lib/i386-linux-gnu:/usr/lib/i386-linux-gnu:/usr/lib/jni:/lib:/usr/lib
Oct 24, 2017 9:10:57 PM org.apache.coyote.AbstractProtocol init
INFO: Initializing ProtocolHandler ["http-bio-8040"]
Oct 24, 2017 9:10:57 PM org.apache.coyote.AbstractProtocol init
INFO: Initializing ProtocolHandler ["ajp-bio-8009"]
Oct 24, 2017 9:10:57 PM org.apache.catalina.startup.Catalina load
INFO: Initialization processed in 550 ms
Oct 24, 2017 9:10:57 PM org.apache.catalina.core.StandardService startInternal
INFO: Starting service Catalina
Oct 24, 2017 9:10:57 PM org.apache.catalina.core.StandardEngine startInternal
INFO: Starting Servlet Engine: Apache Tomcat/7.0.34
Oct 24, 2017 9:10:57 PM org.apache.catalina.startup.HostConfig deployDirectory
INFO: Deploying web application directory /home/user/apache-tomcat-7.0.34/webapps/docs
Oct 24, 2017 9:10:57 PM org.apache.catalina.startup.HostConfig deployDirectory
INFO: Deploying web application directory /home/user/apache-tomcat-7.0.34/webapps/ROOT
Oct 24, 2017 9:10:57 PM org.apache.catalina.startup.HostConfig deployDirectory
INFO: Deploying web application directory /home/user/apache-tomcat-7.0.34/webapps/myEndPointApp
Oct 24, 2017 9:10:57 PM org.apache.catalina.loader.WebappClassLoader validateJarFile
INFO: validateJarFile(/home/user/apache-tomcat-7.0.34/webapps/myEndPointApp/WEB-INF/lib/el-api-2.2.jar) - jar not loaded. See Servlet Spec 2.3, section 9.7.2. Offending class: javax/el/Expression.class
Oct 24, 2017 9:10:57 PM org.apache.catalina.loader.WebappClassLoader validateJarFile
INFO: validateJarFile(/home/user/apache-tomcat-7.0.34/webapps/myEndPointApp/WEB-INF/lib/javax.servlet-api-3.0.1.jar) - jar not loaded. See Servlet Spec 2.3, section 9.7.2. Offending class: javax/servlet/Servlet.class
Oct 24, 2017 9:10:57 PM org.apache.catalina.core.ContainerBase addChildInternal
SEVERE: ContainerBase.addChild: start: 
org.apache.catalina.LifecycleException: Failed to start component [StandardEngine[Catalina].StandardHost[localhost].StandardContext[/myEndPointApp]]
	at org.apache.catalina.util.LifecycleBase.start(LifecycleBase.java:154)
	at org.apache.catalina.core.ContainerBase.addChildInternal(ContainerBase.java:901)
	at org.apache.catalina.core.ContainerBase.addChild(ContainerBase.java:877)
	at org.apache.catalina.core.StandardHost.addChild(StandardHost.java:633)
	at org.apache.catalina.startup.HostConfig.deployDirectory(HostConfig.java:1114)
	at org.apache.catalina.startup.HostConfig$DeployDirectory.run(HostConfig.java:1673)
	at java.util.concurrent.Executors$RunnableAdapter.call(Executors.java:471)
	at java.util.concurrent.FutureTask.run(FutureTask.java:262)
	at java.util.concurrent.ThreadPoolExecutor.runWorker(ThreadPoolExecutor.java:1145)
	at java.util.concurrent.ThreadPoolExecutor$Worker.run(ThreadPoolExecutor.java:615)
	at java.lang.Thread.run(Thread.java:745)
Caused by: java.lang.UnsupportedClassVersionError: org/glassfish/jersey/servlet/init/JerseyServletContainerInitializer : Unsupported major.minor version 52.0 (unable to load class org.glassfish.jersey.servlet.init.JerseyServletContainerInitializer)
	at org.apache.catalina.loader.WebappClassLoader.findClassInternal(WebappClassLoader.java:2908)
	at org.apache.catalina.loader.WebappClassLoader.findClass(WebappClassLoader.java:1173)
	at org.apache.catalina.loader.WebappClassLoader.loadClass(WebappClassLoader.java:1681)
	at org.apache.catalina.loader.WebappClassLoader.loadClass(WebappClassLoader.java:1559)
	at java.lang.Class.forName0(Native Method)
	at java.lang.Class.forName(Class.java:278)
	at org.apache.catalina.startup.ContextConfig.getServletContainerInitializer(ContextConfig.java:1658)
	at org.apache.catalina.startup.ContextConfig.processServletContainerInitializers(ContextConfig.java:1568)
	at org.apache.catalina.startup.ContextConfig.webConfig(ContextConfig.java:1276)
	at org.apache.catalina.startup.ContextConfig.configureStart(ContextConfig.java:878)
	at org.apache.catalina.startup.ContextConfig.lifecycleEvent(ContextConfig.java:369)
	at org.apache.catalina.util.LifecycleSupport.fireLifecycleEvent(LifecycleSupport.java:119)
	at org.apache.catalina.util.LifecycleBase.fireLifecycleEvent(LifecycleBase.java:90)
	at org.apache.catalina.core.StandardContext.startInternal(StandardContext.java:5173)
	at org.apache.catalina.util.LifecycleBase.start(LifecycleBase.java:150)
	... 10 more

Oct 24, 2017 9:10:57 PM org.apache.catalina.startup.HostConfig deployDirectory
SEVERE: Error deploying web application directory /home/user/apache-tomcat-7.0.34/webapps/myEndPointApp
java.lang.IllegalStateException: ContainerBase.addChild: start: org.apache.catalina.LifecycleException: Failed to start component [StandardEngine[Catalina].StandardHost[localhost].StandardContext[/myEndPointApp]]
	at org.apache.catalina.core.ContainerBase.addChildInternal(ContainerBase.java:904)
	at org.apache.catalina.core.ContainerBase.addChild(ContainerBase.java:877)
	at org.apache.catalina.core.StandardHost.addChild(StandardHost.java:633)
	at org.apache.catalina.startup.HostConfig.deployDirectory(HostConfig.java:1114)
	at org.apache.catalina.startup.HostConfig$DeployDirectory.run(HostConfig.java:1673)
	at java.util.concurrent.Executors$RunnableAdapter.call(Executors.java:471)
	at java.util.concurrent.FutureTask.run(FutureTask.java:262)
	at java.util.concurrent.ThreadPoolExecutor.runWorker(ThreadPoolExecutor.java:1145)
	at java.util.concurrent.ThreadPoolExecutor$Worker.run(ThreadPoolExecutor.java:615)
	at java.lang.Thread.run(Thread.java:745)

Oct 24, 2017 9:10:57 PM org.apache.catalina.startup.HostConfig deployDirectory
INFO: Deploying web application directory /home/user/apache-tomcat-7.0.34/webapps/examples
Oct 24, 2017 9:10:58 PM org.apache.catalina.startup.HostConfig deployDirectory
INFO: Deploying web application directory /home/user/apache-tomcat-7.0.34/webapps/manager
Oct 24, 2017 9:10:58 PM org.apache.catalina.startup.HostConfig deployDirectory
INFO: Deploying web application directory /home/user/apache-tomcat-7.0.34/webapps/host-manager
Oct 24, 2017 9:10:58 PM org.apache.coyote.AbstractProtocol start
INFO: Starting ProtocolHandler ["http-bio-8040"]
Oct 24, 2017 9:10:58 PM org.apache.coyote.AbstractProtocol start
INFO: Starting ProtocolHandler ["ajp-bio-8009"]
Oct 24, 2017 9:10:58 PM org.apache.catalina.startup.Catalina start
INFO: Server startup in 781 ms
Oct 24, 2017 9:28:48 PM org.apache.catalina.core.StandardServer await
INFO: A valid shutdown command was received via the shutdown port. Stopping the Server instance.
Oct 24, 2017 9:28:48 PM org.apache.coyote.AbstractProtocol pause
INFO: Pausing ProtocolHandler ["http-bio-8040"]
Oct 24, 2017 9:28:48 PM org.apache.coyote.AbstractProtocol pause
INFO: Pausing ProtocolHandler ["ajp-bio-8009"]
Oct 24, 2017 9:28:48 PM org.apache.catalina.core.StandardService stopInternal
INFO: Stopping service Catalina
Oct 24, 2017 9:28:48 PM org.apache.coyote.AbstractProtocol stop
INFO: Stopping ProtocolHandler ["http-bio-8040"]
Oct 24, 2017 9:28:48 PM org.apache.coyote.AbstractProtocol stop
INFO: Stopping ProtocolHandler ["ajp-bio-8009"]
Oct 24, 2017 9:28:49 PM org.apache.coyote.AbstractProtocol destroy
INFO: Destroying ProtocolHandler ["http-bio-8040"]
Oct 24, 2017 9:28:49 PM org.apache.coyote.AbstractProtocol destroy
INFO: Destroying ProtocolHandler ["ajp-bio-8009"]
Oct 24, 2017 9:28:52 PM org.apache.catalina.core.AprLifecycleListener init
INFO: The APR based Apache Tomcat Native library which allows optimal performance in production environments was not found on the java.library.path: /usr/java/packages/lib/i386:/usr/lib/i386-linux-gnu/jni:/lib/i386-linux-gnu:/usr/lib/i386-linux-gnu:/usr/lib/jni:/lib:/usr/lib
Oct 24, 2017 9:28:52 PM org.apache.coyote.AbstractProtocol init
INFO: Initializing ProtocolHandler ["http-bio-8040"]
Oct 24, 2017 9:28:52 PM org.apache.coyote.AbstractProtocol init
INFO: Initializing ProtocolHandler ["ajp-bio-8009"]
Oct 24, 2017 9:28:52 PM org.apache.catalina.startup.Catalina load
INFO: Initialization processed in 571 ms
Oct 24, 2017 9:28:52 PM org.apache.catalina.core.StandardService startInternal
INFO: Starting service Catalina
Oct 24, 2017 9:28:52 PM org.apache.catalina.core.StandardEngine startInternal
INFO: Starting Servlet Engine: Apache Tomcat/7.0.34
Oct 24, 2017 9:28:52 PM org.apache.catalina.startup.HostConfig deployDirectory
INFO: Deploying web application directory /home/user/apache-tomcat-7.0.34/webapps/docs
Oct 24, 2017 9:28:53 PM org.apache.catalina.util.SessionIdGenerator createSecureRandom
INFO: Creation of SecureRandom instance for session ID generation using [SHA1PRNG] took [1,261] milliseconds.
Oct 24, 2017 9:28:53 PM org.apache.catalina.startup.HostConfig deployDirectory
INFO: Deploying web application directory /home/user/apache-tomcat-7.0.34/webapps/ROOT
Oct 24, 2017 9:28:53 PM org.apache.catalina.startup.HostConfig deployDirectory
INFO: Deploying web application directory /home/user/apache-tomcat-7.0.34/webapps/myEndPointApp
Oct 24, 2017 9:28:53 PM org.apache.catalina.loader.WebappClassLoader validateJarFile
INFO: validateJarFile(/home/user/apache-tomcat-7.0.34/webapps/myEndPointApp/WEB-INF/lib/el-api-2.2.jar) - jar not loaded. See Servlet Spec 2.3, section 9.7.2. Offending class: javax/el/Expression.class
Oct 24, 2017 9:28:53 PM org.apache.catalina.loader.WebappClassLoader validateJarFile
INFO: validateJarFile(/home/user/apache-tomcat-7.0.34/webapps/myEndPointApp/WEB-INF/lib/javax.servlet-api-3.0.1.jar) - jar not loaded. See Servlet Spec 2.3, section 9.7.2. Offending class: javax/servlet/Servlet.class
Oct 24, 2017 9:28:54 PM org.apache.catalina.core.ContainerBase addChildInternal
SEVERE: ContainerBase.addChild: start: 
org.apache.catalina.LifecycleException: Failed to start component [StandardEngine[Catalina].StandardHost[localhost].StandardContext[/myEndPointApp]]
	at org.apache.catalina.util.LifecycleBase.start(LifecycleBase.java:154)
	at org.apache.catalina.core.ContainerBase.addChildInternal(ContainerBase.java:901)
	at org.apache.catalina.core.ContainerBase.addChild(ContainerBase.java:877)
	at org.apache.catalina.core.StandardHost.addChild(StandardHost.java:633)
	at org.apache.catalina.startup.HostConfig.deployDirectory(HostConfig.java:1114)
	at org.apache.catalina.startup.HostConfig$DeployDirectory.run(HostConfig.java:1673)
	at java.util.concurrent.Executors$RunnableAdapter.call(Executors.java:471)
	at java.util.concurrent.FutureTask.run(FutureTask.java:262)
	at java.util.concurrent.ThreadPoolExecutor.runWorker(ThreadPoolExecutor.java:1145)
	at java.util.concurrent.ThreadPoolExecutor$Worker.run(ThreadPoolExecutor.java:615)
	at java.lang.Thread.run(Thread.java:745)
Caused by: java.lang.UnsupportedClassVersionError: org/glassfish/jersey/servlet/init/JerseyServletContainerInitializer : Unsupported major.minor version 52.0 (unable to load class org.glassfish.jersey.servlet.init.JerseyServletContainerInitializer)
	at org.apache.catalina.loader.WebappClassLoader.findClassInternal(WebappClassLoader.java:2908)
	at org.apache.catalina.loader.WebappClassLoader.findClass(WebappClassLoader.java:1173)
	at org.apache.catalina.loader.WebappClassLoader.loadClass(WebappClassLoader.java:1681)
	at org.apache.catalina.loader.WebappClassLoader.loadClass(WebappClassLoader.java:1559)
	at java.lang.Class.forName0(Native Method)
	at java.lang.Class.forName(Class.java:278)
	at org.apache.catalina.startup.ContextConfig.getServletContainerInitializer(ContextConfig.java:1658)
	at org.apache.catalina.startup.ContextConfig.processServletContainerInitializers(ContextConfig.java:1568)
	at org.apache.catalina.startup.ContextConfig.webConfig(ContextConfig.java:1276)
	at org.apache.catalina.startup.ContextConfig.configureStart(ContextConfig.java:878)
	at org.apache.catalina.startup.ContextConfig.lifecycleEvent(ContextConfig.java:369)
	at org.apache.catalina.util.LifecycleSupport.fireLifecycleEvent(LifecycleSupport.java:119)
	at org.apache.catalina.util.LifecycleBase.fireLifecycleEvent(LifecycleBase.java:90)
	at org.apache.catalina.core.StandardContext.startInternal(StandardContext.java:5173)
	at org.apache.catalina.util.LifecycleBase.start(LifecycleBase.java:150)
	... 10 more

Oct 24, 2017 9:28:54 PM org.apache.catalina.startup.HostConfig deployDirectory
SEVERE: Error deploying web application directory /home/user/apache-tomcat-7.0.34/webapps/myEndPointApp
java.lang.IllegalStateException: ContainerBase.addChild: start: org.apache.catalina.LifecycleException: Failed to start component [StandardEngine[Catalina].StandardHost[localhost].StandardContext[/myEndPointApp]]
	at org.apache.catalina.core.ContainerBase.addChildInternal(ContainerBase.java:904)
	at org.apache.catalina.core.ContainerBase.addChild(ContainerBase.java:877)
	at org.apache.catalina.core.StandardHost.addChild(StandardHost.java:633)
	at org.apache.catalina.startup.HostConfig.deployDirectory(HostConfig.java:1114)
	at org.apache.catalina.startup.HostConfig$DeployDirectory.run(HostConfig.java:1673)
	at java.util.concurrent.Executors$RunnableAdapter.call(Executors.java:471)
	at java.util.concurrent.FutureTask.run(FutureTask.java:262)
	at java.util.concurrent.ThreadPoolExecutor.runWorker(ThreadPoolExecutor.java:1145)
	at java.util.concurrent.ThreadPoolExecutor$Worker.run(ThreadPoolExecutor.java:615)
	at java.lang.Thread.run(Thread.java:745)

Oct 24, 2017 9:28:54 PM org.apache.catalina.startup.HostConfig deployDirectory
INFO: Deploying web application directory /home/user/apache-tomcat-7.0.34/webapps/examples
Oct 24, 2017 9:28:54 PM org.apache.catalina.startup.HostConfig deployDirectory
INFO: Deploying web application directory /home/user/apache-tomcat-7.0.34/webapps/manager
Oct 24, 2017 9:28:54 PM org.apache.catalina.startup.HostConfig deployDirectory
INFO: Deploying web application directory /home/user/apache-tomcat-7.0.34/webapps/host-manager
Oct 24, 2017 9:28:54 PM org.apache.coyote.AbstractProtocol start
INFO: Starting ProtocolHandler ["http-bio-8040"]
Oct 24, 2017 9:28:54 PM org.apache.coyote.AbstractProtocol start
INFO: Starting ProtocolHandler ["ajp-bio-8009"]
Oct 24, 2017 9:28:54 PM org.apache.catalina.startup.Catalina start
INFO: Server startup in 2045 ms
Oct 24, 2017 9:36:23 PM org.apache.catalina.core.StandardServer await
INFO: A valid shutdown command was received via the shutdown port. Stopping the Server instance.
Oct 24, 2017 9:36:23 PM org.apache.coyote.AbstractProtocol pause
INFO: Pausing ProtocolHandler ["http-bio-8040"]
Oct 24, 2017 9:36:23 PM org.apache.coyote.AbstractProtocol pause
INFO: Pausing ProtocolHandler ["ajp-bio-8009"]
Oct 24, 2017 9:36:23 PM org.apache.catalina.core.StandardService stopInternal
INFO: Stopping service Catalina
Oct 24, 2017 9:36:23 PM org.apache.coyote.AbstractProtocol stop
INFO: Stopping ProtocolHandler ["http-bio-8040"]
Oct 24, 2017 9:36:23 PM org.apache.coyote.AbstractProtocol stop
INFO: Stopping ProtocolHandler ["ajp-bio-8009"]
Oct 24, 2017 9:36:23 PM org.apache.coyote.AbstractProtocol destroy
INFO: Destroying ProtocolHandler ["http-bio-8040"]
Oct 24, 2017 9:36:23 PM org.apache.coyote.AbstractProtocol destroy
INFO: Destroying ProtocolHandler ["ajp-bio-8009"]
Oct 24, 2017 9:36:27 PM org.apache.catalina.core.AprLifecycleListener init
INFO: The APR based Apache Tomcat Native library which allows optimal performance in production environments was not found on the java.library.path: /usr/java/packages/lib/i386:/usr/lib/i386-linux-gnu/jni:/lib/i386-linux-gnu:/usr/lib/i386-linux-gnu:/usr/lib/jni:/lib:/usr/lib
Oct 24, 2017 9:36:27 PM org.apache.coyote.AbstractProtocol init
INFO: Initializing ProtocolHandler ["http-bio-8040"]
Oct 24, 2017 9:36:27 PM org.apache.coyote.AbstractProtocol init
INFO: Initializing ProtocolHandler ["ajp-bio-8009"]
Oct 24, 2017 9:36:27 PM org.apache.catalina.startup.Catalina load
INFO: Initialization processed in 603 ms
Oct 24, 2017 9:36:27 PM org.apache.catalina.core.StandardService startInternal
INFO: Starting service Catalina
Oct 24, 2017 9:36:27 PM org.apache.catalina.core.StandardEngine startInternal
INFO: Starting Servlet Engine: Apache Tomcat/7.0.34
Oct 24, 2017 9:36:27 PM org.apache.catalina.startup.HostConfig deployDirectory
INFO: Deploying web application directory /home/user/apache-tomcat-7.0.34/webapps/docs
Oct 24, 2017 9:36:27 PM org.apache.catalina.startup.HostConfig deployDirectory
INFO: Deploying web application directory /home/user/apache-tomcat-7.0.34/webapps/ROOT
Oct 24, 2017 9:36:28 PM org.apache.catalina.startup.HostConfig deployDirectory
INFO: Deploying web application directory /home/user/apache-tomcat-7.0.34/webapps/myEndPointApp
Oct 24, 2017 9:36:28 PM org.apache.catalina.loader.WebappClassLoader validateJarFile
INFO: validateJarFile(/home/user/apache-tomcat-7.0.34/webapps/myEndPointApp/WEB-INF/lib/el-api-2.2.jar) - jar not loaded. See Servlet Spec 2.3, section 9.7.2. Offending class: javax/el/Expression.class
Oct 24, 2017 9:36:28 PM org.apache.catalina.loader.WebappClassLoader validateJarFile
INFO: validateJarFile(/home/user/apache-tomcat-7.0.34/webapps/myEndPointApp/WEB-INF/lib/javax.servlet-api-3.0.1.jar) - jar not loaded. See Servlet Spec 2.3, section 9.7.2. Offending class: javax/servlet/Servlet.class
Oct 24, 2017 9:36:28 PM org.apache.catalina.core.ContainerBase addChildInternal
SEVERE: ContainerBase.addChild: start: 
org.apache.catalina.LifecycleException: Failed to start component [StandardEngine[Catalina].StandardHost[localhost].StandardContext[/myEndPointApp]]
	at org.apache.catalina.util.LifecycleBase.start(LifecycleBase.java:154)
	at org.apache.catalina.core.ContainerBase.addChildInternal(ContainerBase.java:901)
	at org.apache.catalina.core.ContainerBase.addChild(ContainerBase.java:877)
	at org.apache.catalina.core.StandardHost.addChild(StandardHost.java:633)
	at org.apache.catalina.startup.HostConfig.deployDirectory(HostConfig.java:1114)
	at org.apache.catalina.startup.HostConfig$DeployDirectory.run(HostConfig.java:1673)
	at java.util.concurrent.Executors$RunnableAdapter.call(Executors.java:471)
	at java.util.concurrent.FutureTask.run(FutureTask.java:262)
	at java.util.concurrent.ThreadPoolExecutor.runWorker(ThreadPoolExecutor.java:1145)
	at java.util.concurrent.ThreadPoolExecutor$Worker.run(ThreadPoolExecutor.java:615)
	at java.lang.Thread.run(Thread.java:745)
Caused by: java.lang.UnsupportedClassVersionError: org/glassfish/jersey/servlet/init/JerseyServletContainerInitializer : Unsupported major.minor version 52.0 (unable to load class org.glassfish.jersey.servlet.init.JerseyServletContainerInitializer)
	at org.apache.catalina.loader.WebappClassLoader.findClassInternal(WebappClassLoader.java:2908)
	at org.apache.catalina.loader.WebappClassLoader.findClass(WebappClassLoader.java:1173)
	at org.apache.catalina.loader.WebappClassLoader.loadClass(WebappClassLoader.java:1681)
	at org.apache.catalina.loader.WebappClassLoader.loadClass(WebappClassLoader.java:1559)
	at java.lang.Class.forName0(Native Method)
	at java.lang.Class.forName(Class.java:278)
	at org.apache.catalina.startup.ContextConfig.getServletContainerInitializer(ContextConfig.java:1658)
	at org.apache.catalina.startup.ContextConfig.processServletContainerInitializers(ContextConfig.java:1568)
	at org.apache.catalina.startup.ContextConfig.webConfig(ContextConfig.java:1276)
	at org.apache.catalina.startup.ContextConfig.configureStart(ContextConfig.java:878)
	at org.apache.catalina.startup.ContextConfig.lifecycleEvent(ContextConfig.java:369)
	at org.apache.catalina.util.LifecycleSupport.fireLifecycleEvent(LifecycleSupport.java:119)
	at org.apache.catalina.util.LifecycleBase.fireLifecycleEvent(LifecycleBase.java:90)
	at org.apache.catalina.core.StandardContext.startInternal(StandardContext.java:5173)
	at org.apache.catalina.util.LifecycleBase.start(LifecycleBase.java:150)
	... 10 more

Oct 24, 2017 9:36:28 PM org.apache.catalina.startup.HostConfig deployDirectory
SEVERE: Error deploying web application directory /home/user/apache-tomcat-7.0.34/webapps/myEndPointApp
java.lang.IllegalStateException: ContainerBase.addChild: start: org.apache.catalina.LifecycleException: Failed to start component [StandardEngine[Catalina].StandardHost[localhost].StandardContext[/myEndPointApp]]
	at org.apache.catalina.core.ContainerBase.addChildInternal(ContainerBase.java:904)
	at org.apache.catalina.core.ContainerBase.addChild(ContainerBase.java:877)
	at org.apache.catalina.core.StandardHost.addChild(StandardHost.java:633)
	at org.apache.catalina.startup.HostConfig.deployDirectory(HostConfig.java:1114)
	at org.apache.catalina.startup.HostConfig$DeployDirectory.run(HostConfig.java:1673)
	at java.util.concurrent.Executors$RunnableAdapter.call(Executors.java:471)
	at java.util.concurrent.FutureTask.run(FutureTask.java:262)
	at java.util.concurrent.ThreadPoolExecutor.runWorker(ThreadPoolExecutor.java:1145)
	at java.util.concurrent.ThreadPoolExecutor$Worker.run(ThreadPoolExecutor.java:615)
	at java.lang.Thread.run(Thread.java:745)

Oct 24, 2017 9:36:28 PM org.apache.catalina.startup.HostConfig deployDirectory
INFO: Deploying web application directory /home/user/apache-tomcat-7.0.34/webapps/examples
Oct 24, 2017 9:36:28 PM org.apache.catalina.startup.HostConfig deployDirectory
INFO: Deploying web application directory /home/user/apache-tomcat-7.0.34/webapps/manager
Oct 24, 2017 9:36:28 PM org.apache.catalina.startup.HostConfig deployDirectory
INFO: Deploying web application directory /home/user/apache-tomcat-7.0.34/webapps/host-manager
Oct 24, 2017 9:36:28 PM org.apache.coyote.AbstractProtocol start
INFO: Starting ProtocolHandler ["http-bio-8040"]
Oct 24, 2017 9:36:28 PM org.apache.coyote.AbstractProtocol start
INFO: Starting ProtocolHandler ["ajp-bio-8009"]
Oct 24, 2017 9:36:28 PM org.apache.catalina.startup.Catalina start
INFO: Server startup in 812 ms
Oct 24, 2017 9:54:24 PM org.apache.catalina.core.StandardServer await
INFO: A valid shutdown command was received via the shutdown port. Stopping the Server instance.
Oct 24, 2017 9:54:24 PM org.apache.coyote.AbstractProtocol pause
INFO: Pausing ProtocolHandler ["http-bio-8040"]
Oct 24, 2017 9:54:25 PM org.apache.coyote.AbstractProtocol pause
INFO: Pausing ProtocolHandler ["ajp-bio-8009"]
Oct 24, 2017 9:54:25 PM org.apache.catalina.core.StandardService stopInternal
INFO: Stopping service Catalina
Oct 24, 2017 9:54:25 PM org.apache.coyote.AbstractProtocol stop
INFO: Stopping ProtocolHandler ["http-bio-8040"]
Oct 24, 2017 9:54:25 PM org.apache.coyote.AbstractProtocol stop
INFO: Stopping ProtocolHandler ["ajp-bio-8009"]
Oct 24, 2017 9:54:25 PM org.apache.coyote.AbstractProtocol destroy
INFO: Destroying ProtocolHandler ["http-bio-8040"]
Oct 24, 2017 9:54:25 PM org.apache.coyote.AbstractProtocol destroy
INFO: Destroying ProtocolHandler ["ajp-bio-8009"]
Oct 24, 2017 9:54:28 PM org.apache.catalina.core.AprLifecycleListener init
INFO: The APR based Apache Tomcat Native library which allows optimal performance in production environments was not found on the java.library.path: /usr/java/packages/lib/i386:/usr/lib/i386-linux-gnu/jni:/lib/i386-linux-gnu:/usr/lib/i386-linux-gnu:/usr/lib/jni:/lib:/usr/lib
Oct 24, 2017 9:54:28 PM org.apache.coyote.AbstractProtocol init
INFO: Initializing ProtocolHandler ["http-bio-8040"]
Oct 24, 2017 9:54:28 PM org.apache.coyote.AbstractProtocol init
INFO: Initializing ProtocolHandler ["ajp-bio-8009"]
Oct 24, 2017 9:54:28 PM org.apache.catalina.startup.Catalina load
INFO: Initialization processed in 567 ms
Oct 24, 2017 9:54:28 PM org.apache.catalina.core.StandardService startInternal
INFO: Starting service Catalina
Oct 24, 2017 9:54:28 PM org.apache.catalina.core.StandardEngine startInternal
INFO: Starting Servlet Engine: Apache Tomcat/7.0.34
Oct 24, 2017 9:54:28 PM org.apache.catalina.startup.HostConfig deployDirectory
INFO: Deploying web application directory /home/user/apache-tomcat-7.0.34/webapps/docs
Oct 24, 2017 9:54:40 PM org.apache.catalina.util.SessionIdGenerator createSecureRandom
INFO: Creation of SecureRandom instance for session ID generation using [SHA1PRNG] took [11,334] milliseconds.
Oct 24, 2017 9:54:40 PM org.apache.catalina.startup.HostConfig deployDirectory
INFO: Deploying web application directory /home/user/apache-tomcat-7.0.34/webapps/ROOT
Oct 24, 2017 9:54:40 PM org.apache.catalina.startup.HostConfig deployDirectory
INFO: Deploying web application directory /home/user/apache-tomcat-7.0.34/webapps/myEndPointApp
Oct 24, 2017 9:54:40 PM org.apache.catalina.loader.WebappClassLoader validateJarFile
INFO: validateJarFile(/home/user/apache-tomcat-7.0.34/webapps/myEndPointApp/WEB-INF/lib/el-api-2.2.jar) - jar not loaded. See Servlet Spec 2.3, section 9.7.2. Offending class: javax/el/Expression.class
Oct 24, 2017 9:54:40 PM org.apache.catalina.loader.WebappClassLoader validateJarFile
INFO: validateJarFile(/home/user/apache-tomcat-7.0.34/webapps/myEndPointApp/WEB-INF/lib/javax.servlet-api-3.0.1.jar) - jar not loaded. See Servlet Spec 2.3, section 9.7.2. Offending class: javax/servlet/Servlet.class
Oct 24, 2017 9:54:40 PM org.apache.catalina.core.ContainerBase addChildInternal
SEVERE: ContainerBase.addChild: start: 
org.apache.catalina.LifecycleException: Failed to start component [StandardEngine[Catalina].StandardHost[localhost].StandardContext[/myEndPointApp]]
	at org.apache.catalina.util.LifecycleBase.start(LifecycleBase.java:154)
	at org.apache.catalina.core.ContainerBase.addChildInternal(ContainerBase.java:901)
	at org.apache.catalina.core.ContainerBase.addChild(ContainerBase.java:877)
	at org.apache.catalina.core.StandardHost.addChild(StandardHost.java:633)
	at org.apache.catalina.startup.HostConfig.deployDirectory(HostConfig.java:1114)
	at org.apache.catalina.startup.HostConfig$DeployDirectory.run(HostConfig.java:1673)
	at java.util.concurrent.Executors$RunnableAdapter.call(Executors.java:471)
	at java.util.concurrent.FutureTask.run(FutureTask.java:262)
	at java.util.concurrent.ThreadPoolExecutor.runWorker(ThreadPoolExecutor.java:1145)
	at java.util.concurrent.ThreadPoolExecutor$Worker.run(ThreadPoolExecutor.java:615)
	at java.lang.Thread.run(Thread.java:745)
Caused by: java.lang.UnsupportedClassVersionError: org/glassfish/jersey/servlet/init/JerseyServletContainerInitializer : Unsupported major.minor version 52.0 (unable to load class org.glassfish.jersey.servlet.init.JerseyServletContainerInitializer)
	at org.apache.catalina.loader.WebappClassLoader.findClassInternal(WebappClassLoader.java:2908)
	at org.apache.catalina.loader.WebappClassLoader.findClass(WebappClassLoader.java:1173)
	at org.apache.catalina.loader.WebappClassLoader.loadClass(WebappClassLoader.java:1681)
	at org.apache.catalina.loader.WebappClassLoader.loadClass(WebappClassLoader.java:1559)
	at java.lang.Class.forName0(Native Method)
	at java.lang.Class.forName(Class.java:278)
	at org.apache.catalina.startup.ContextConfig.getServletContainerInitializer(ContextConfig.java:1658)
	at org.apache.catalina.startup.ContextConfig.processServletContainerInitializers(ContextConfig.java:1568)
	at org.apache.catalina.startup.ContextConfig.webConfig(ContextConfig.java:1276)
	at org.apache.catalina.startup.ContextConfig.configureStart(ContextConfig.java:878)
	at org.apache.catalina.startup.ContextConfig.lifecycleEvent(ContextConfig.java:369)
	at org.apache.catalina.util.LifecycleSupport.fireLifecycleEvent(LifecycleSupport.java:119)
	at org.apache.catalina.util.LifecycleBase.fireLifecycleEvent(LifecycleBase.java:90)
	at org.apache.catalina.core.StandardContext.startInternal(StandardContext.java:5173)
	at org.apache.catalina.util.LifecycleBase.start(LifecycleBase.java:150)
	... 10 more

Oct 24, 2017 9:54:40 PM org.apache.catalina.startup.HostConfig deployDirectory
SEVERE: Error deploying web application directory /home/user/apache-tomcat-7.0.34/webapps/myEndPointApp
java.lang.IllegalStateException: ContainerBase.addChild: start: org.apache.catalina.LifecycleException: Failed to start component [StandardEngine[Catalina].StandardHost[localhost].StandardContext[/myEndPointApp]]
	at org.apache.catalina.core.ContainerBase.addChildInternal(ContainerBase.java:904)
	at org.apache.catalina.core.ContainerBase.addChild(ContainerBase.java:877)
	at org.apache.catalina.core.StandardHost.addChild(StandardHost.java:633)
	at org.apache.catalina.startup.HostConfig.deployDirectory(HostConfig.java:1114)
	at org.apache.catalina.startup.HostConfig$DeployDirectory.run(HostConfig.java:1673)
	at java.util.concurrent.Executors$RunnableAdapter.call(Executors.java:471)
	at java.util.concurrent.FutureTask.run(FutureTask.java:262)
	at java.util.concurrent.ThreadPoolExecutor.runWorker(ThreadPoolExecutor.java:1145)
	at java.util.concurrent.ThreadPoolExecutor$Worker.run(ThreadPoolExecutor.java:615)
	at java.lang.Thread.run(Thread.java:745)

Oct 24, 2017 9:54:40 PM org.apache.catalina.startup.HostConfig deployDirectory
INFO: Deploying web application directory /home/user/apache-tomcat-7.0.34/webapps/examples
Oct 24, 2017 9:54:40 PM org.apache.catalina.startup.HostConfig deployDirectory
INFO: Deploying web application directory /home/user/apache-tomcat-7.0.34/webapps/manager
Oct 24, 2017 9:54:40 PM org.apache.catalina.startup.HostConfig deployDirectory
INFO: Deploying web application directory /home/user/apache-tomcat-7.0.34/webapps/host-manager
Oct 24, 2017 9:54:40 PM org.apache.coyote.AbstractProtocol start
INFO: Starting ProtocolHandler ["http-bio-8040"]
Oct 24, 2017 9:54:40 PM org.apache.coyote.AbstractProtocol start
INFO: Starting ProtocolHandler ["ajp-bio-8009"]
Oct 24, 2017 9:54:40 PM org.apache.catalina.startup.Catalina start
INFO: Server startup in 12116 ms
Oct 24, 2017 9:55:03 PM org.apache.catalina.core.AprLifecycleListener init
INFO: The APR based Apache Tomcat Native library which allows optimal performance in production environments was not found on the java.library.path: /usr/java/packages/lib/i386:/usr/lib/i386-linux-gnu/jni:/lib/i386-linux-gnu:/usr/lib/i386-linux-gnu:/usr/lib/jni:/lib:/usr/lib
Oct 24, 2017 9:55:04 PM org.apache.coyote.AbstractProtocol init
INFO: Initializing ProtocolHandler ["http-bio-8040"]
Oct 24, 2017 9:55:04 PM org.apache.coyote.AbstractProtocol init
SEVERE: Failed to initialize end point associated with ProtocolHandler ["http-bio-8040"]
java.net.BindException: Address already in use (Bind failed) <null>:8040
	at org.apache.tomcat.util.net.JIoEndpoint.bind(JIoEndpoint.java:406)
	at org.apache.tomcat.util.net.AbstractEndpoint.init(AbstractEndpoint.java:610)
	at org.apache.coyote.AbstractProtocol.init(AbstractProtocol.java:429)
	at org.apache.coyote.http11.AbstractHttp11JsseProtocol.init(AbstractHttp11JsseProtocol.java:119)
	at org.apache.catalina.connector.Connector.initInternal(Connector.java:981)
	at org.apache.catalina.util.LifecycleBase.init(LifecycleBase.java:102)
	at org.apache.catalina.core.StandardService.initInternal(StandardService.java:559)
	at org.apache.catalina.util.LifecycleBase.init(LifecycleBase.java:102)
	at org.apache.catalina.core.StandardServer.initInternal(StandardServer.java:814)
	at org.apache.catalina.util.LifecycleBase.init(LifecycleBase.java:102)
	at org.apache.catalina.startup.Catalina.load(Catalina.java:633)
	at org.apache.catalina.startup.Catalina.load(Catalina.java:658)
	at sun.reflect.NativeMethodAccessorImpl.invoke0(Native Method)
	at sun.reflect.NativeMethodAccessorImpl.invoke(NativeMethodAccessorImpl.java:62)
	at sun.reflect.DelegatingMethodAccessorImpl.invoke(DelegatingMethodAccessorImpl.java:43)
	at java.lang.reflect.Method.invoke(Method.java:498)
	at org.apache.catalina.startup.Bootstrap.load(Bootstrap.java:281)
	at org.apache.catalina.startup.Bootstrap.main(Bootstrap.java:450)
Caused by: java.net.BindException: Address already in use (Bind failed)
	at java.net.PlainSocketImpl.socketBind(Native Method)
	at java.net.AbstractPlainSocketImpl.bind(AbstractPlainSocketImpl.java:387)
	at java.net.ServerSocket.bind(ServerSocket.java:375)
	at java.net.ServerSocket.<init>(ServerSocket.java:237)
	at java.net.ServerSocket.<init>(ServerSocket.java:181)
	at org.apache.tomcat.util.net.DefaultServerSocketFactory.createSocket(DefaultServerSocketFactory.java:49)
	at org.apache.tomcat.util.net.JIoEndpoint.bind(JIoEndpoint.java:393)
	... 17 more

Oct 24, 2017 9:55:04 PM org.apache.catalina.core.StandardService initInternal
SEVERE: Failed to initialize connector [Connector[HTTP/1.1-8040]]
org.apache.catalina.LifecycleException: Failed to initialize component [Connector[HTTP/1.1-8040]]
	at org.apache.catalina.util.LifecycleBase.init(LifecycleBase.java:106)
	at org.apache.catalina.core.StandardService.initInternal(StandardService.java:559)
	at org.apache.catalina.util.LifecycleBase.init(LifecycleBase.java:102)
	at org.apache.catalina.core.StandardServer.initInternal(StandardServer.java:814)
	at org.apache.catalina.util.LifecycleBase.init(LifecycleBase.java:102)
	at org.apache.catalina.startup.Catalina.load(Catalina.java:633)
	at org.apache.catalina.startup.Catalina.load(Catalina.java:658)
	at sun.reflect.NativeMethodAccessorImpl.invoke0(Native Method)
	at sun.reflect.NativeMethodAccessorImpl.invoke(NativeMethodAccessorImpl.java:62)
	at sun.reflect.DelegatingMethodAccessorImpl.invoke(DelegatingMethodAccessorImpl.java:43)
	at java.lang.reflect.Method.invoke(Method.java:498)
	at org.apache.catalina.startup.Bootstrap.load(Bootstrap.java:281)
	at org.apache.catalina.startup.Bootstrap.main(Bootstrap.java:450)
Caused by: org.apache.catalina.LifecycleException: Protocol handler initialization failed
	at org.apache.catalina.connector.Connector.initInternal(Connector.java:983)
	at org.apache.catalina.util.LifecycleBase.init(LifecycleBase.java:102)
	... 12 more
Caused by: java.net.BindException: Address already in use (Bind failed) <null>:8040
	at org.apache.tomcat.util.net.JIoEndpoint.bind(JIoEndpoint.java:406)
	at org.apache.tomcat.util.net.AbstractEndpoint.init(AbstractEndpoint.java:610)
	at org.apache.coyote.AbstractProtocol.init(AbstractProtocol.java:429)
	at org.apache.coyote.http11.AbstractHttp11JsseProtocol.init(AbstractHttp11JsseProtocol.java:119)
	at org.apache.catalina.connector.Connector.initInternal(Connector.java:981)
	... 13 more
Caused by: java.net.BindException: Address already in use (Bind failed)
	at java.net.PlainSocketImpl.socketBind(Native Method)
	at java.net.AbstractPlainSocketImpl.bind(AbstractPlainSocketImpl.java:387)
	at java.net.ServerSocket.bind(ServerSocket.java:375)
	at java.net.ServerSocket.<init>(ServerSocket.java:237)
	at java.net.ServerSocket.<init>(ServerSocket.java:181)
	at org.apache.tomcat.util.net.DefaultServerSocketFactory.createSocket(DefaultServerSocketFactory.java:49)
	at org.apache.tomcat.util.net.JIoEndpoint.bind(JIoEndpoint.java:393)
	... 17 more

Oct 24, 2017 9:55:04 PM org.apache.coyote.AbstractProtocol init
INFO: Initializing ProtocolHandler ["ajp-bio-8009"]
Oct 24, 2017 9:55:04 PM org.apache.coyote.AbstractProtocol init
SEVERE: Failed to initialize end point associated with ProtocolHandler ["ajp-bio-8009"]
java.net.BindException: Address already in use (Bind failed) <null>:8009
	at org.apache.tomcat.util.net.JIoEndpoint.bind(JIoEndpoint.java:406)
	at org.apache.tomcat.util.net.AbstractEndpoint.init(AbstractEndpoint.java:610)
	at org.apache.coyote.AbstractProtocol.init(AbstractProtocol.java:429)
	at org.apache.catalina.connector.Connector.initInternal(Connector.java:981)
	at org.apache.catalina.util.LifecycleBase.init(LifecycleBase.java:102)
	at org.apache.catalina.core.StandardService.initInternal(StandardService.java:559)
	at org.apache.catalina.util.LifecycleBase.init(LifecycleBase.java:102)
	at org.apache.catalina.core.StandardServer.initInternal(StandardServer.java:814)
	at org.apache.catalina.util.LifecycleBase.init(LifecycleBase.java:102)
	at org.apache.catalina.startup.Catalina.load(Catalina.java:633)
	at org.apache.catalina.startup.Catalina.load(Catalina.java:658)
	at sun.reflect.NativeMethodAccessorImpl.invoke0(Native Method)
	at sun.reflect.NativeMethodAccessorImpl.invoke(NativeMethodAccessorImpl.java:62)
	at sun.reflect.DelegatingMethodAccessorImpl.invoke(DelegatingMethodAccessorImpl.java:43)
	at java.lang.reflect.Method.invoke(Method.java:498)
	at org.apache.catalina.startup.Bootstrap.load(Bootstrap.java:281)
	at org.apache.catalina.startup.Bootstrap.main(Bootstrap.java:450)
Caused by: java.net.BindException: Address already in use (Bind failed)
	at java.net.PlainSocketImpl.socketBind(Native Method)
	at java.net.AbstractPlainSocketImpl.bind(AbstractPlainSocketImpl.java:387)
	at java.net.ServerSocket.bind(ServerSocket.java:375)
	at java.net.ServerSocket.<init>(ServerSocket.java:237)
	at java.net.ServerSocket.<init>(ServerSocket.java:181)
	at org.apache.tomcat.util.net.DefaultServerSocketFactory.createSocket(DefaultServerSocketFactory.java:49)
	at org.apache.tomcat.util.net.JIoEndpoint.bind(JIoEndpoint.java:393)
	... 16 more

Oct 24, 2017 9:55:04 PM org.apache.catalina.core.StandardService initInternal
SEVERE: Failed to initialize connector [Connector[AJP/1.3-8009]]
org.apache.catalina.LifecycleException: Failed to initialize component [Connector[AJP/1.3-8009]]
	at org.apache.catalina.util.LifecycleBase.init(LifecycleBase.java:106)
	at org.apache.catalina.core.StandardService.initInternal(StandardService.java:559)
	at org.apache.catalina.util.LifecycleBase.init(LifecycleBase.java:102)
	at org.apache.catalina.core.StandardServer.initInternal(StandardServer.java:814)
	at org.apache.catalina.util.LifecycleBase.init(LifecycleBase.java:102)
	at org.apache.catalina.startup.Catalina.load(Catalina.java:633)
	at org.apache.catalina.startup.Catalina.load(Catalina.java:658)
	at sun.reflect.NativeMethodAccessorImpl.invoke0(Native Method)
	at sun.reflect.NativeMethodAccessorImpl.invoke(NativeMethodAccessorImpl.java:62)
	at sun.reflect.DelegatingMethodAccessorImpl.invoke(DelegatingMethodAccessorImpl.java:43)
	at java.lang.reflect.Method.invoke(Method.java:498)
	at org.apache.catalina.startup.Bootstrap.load(Bootstrap.java:281)
	at org.apache.catalina.startup.Bootstrap.main(Bootstrap.java:450)
Caused by: org.apache.catalina.LifecycleException: Protocol handler initialization failed
	at org.apache.catalina.connector.Connector.initInternal(Connector.java:983)
	at org.apache.catalina.util.LifecycleBase.init(LifecycleBase.java:102)
	... 12 more
Caused by: java.net.BindException: Address already in use (Bind failed) <null>:8009
	at org.apache.tomcat.util.net.JIoEndpoint.bind(JIoEndpoint.java:406)
	at org.apache.tomcat.util.net.AbstractEndpoint.init(AbstractEndpoint.java:610)
	at org.apache.coyote.AbstractProtocol.init(AbstractProtocol.java:429)
	at org.apache.catalina.connector.Connector.initInternal(Connector.java:981)
	... 13 more
Caused by: java.net.BindException: Address already in use (Bind failed)
	at java.net.PlainSocketImpl.socketBind(Native Method)
	at java.net.AbstractPlainSocketImpl.bind(AbstractPlainSocketImpl.java:387)
	at java.net.ServerSocket.bind(ServerSocket.java:375)
	at java.net.ServerSocket.<init>(ServerSocket.java:237)
	at java.net.ServerSocket.<init>(ServerSocket.java:181)
	at org.apache.tomcat.util.net.DefaultServerSocketFactory.createSocket(DefaultServerSocketFactory.java:49)
	at org.apache.tomcat.util.net.JIoEndpoint.bind(JIoEndpoint.java:393)
	... 16 more

Oct 24, 2017 9:55:04 PM org.apache.catalina.startup.Catalina load
INFO: Initialization processed in 684 ms
Oct 24, 2017 9:55:04 PM org.apache.catalina.core.StandardService startInternal
INFO: Starting service Catalina
Oct 24, 2017 9:55:04 PM org.apache.catalina.core.StandardEngine startInternal
INFO: Starting Servlet Engine: Apache Tomcat/7.0.34
Oct 24, 2017 9:55:04 PM org.apache.catalina.startup.HostConfig deployDirectory
INFO: Deploying web application directory /home/user/apache-tomcat-7.0.34/webapps/docs
Oct 24, 2017 9:55:04 PM org.apache.catalina.startup.HostConfig deployDirectory
INFO: Deploying web application directory /home/user/apache-tomcat-7.0.34/webapps/ROOT
Oct 24, 2017 9:55:04 PM org.apache.catalina.startup.HostConfig deployDirectory
INFO: Deploying web application directory /home/user/apache-tomcat-7.0.34/webapps/myEndPointApp
Oct 24, 2017 9:55:04 PM org.apache.catalina.loader.WebappClassLoader validateJarFile
INFO: validateJarFile(/home/user/apache-tomcat-7.0.34/webapps/myEndPointApp/WEB-INF/lib/el-api-2.2.jar) - jar not loaded. See Servlet Spec 2.3, section 9.7.2. Offending class: javax/el/Expression.class
Oct 24, 2017 9:55:04 PM org.apache.catalina.loader.WebappClassLoader validateJarFile
INFO: validateJarFile(/home/user/apache-tomcat-7.0.34/webapps/myEndPointApp/WEB-INF/lib/javax.servlet-api-3.0.1.jar) - jar not loaded. See Servlet Spec 2.3, section 9.7.2. Offending class: javax/servlet/Servlet.class
Oct 24, 2017 9:55:04 PM org.apache.catalina.startup.ContextConfig processAnnotationsJar
SEVERE: Unable to process Jar entry [module-info.class] from Jar [jar:file:/home/user/apache-tomcat-7.0.34/webapps/myEndPointApp/WEB-INF/lib/javax.json-1.1.jar!/] for annotations
org.apache.tomcat.util.bcel.classfile.ClassFormatException: Invalid byte tag in constant pool: 19
	at org.apache.tomcat.util.bcel.classfile.Constant.readConstant(Constant.java:133)
	at org.apache.tomcat.util.bcel.classfile.ConstantPool.<init>(ConstantPool.java:60)
	at org.apache.tomcat.util.bcel.classfile.ClassParser.readConstantPool(ClassParser.java:209)
	at org.apache.tomcat.util.bcel.classfile.ClassParser.parse(ClassParser.java:119)
	at org.apache.catalina.startup.ContextConfig.processAnnotationsStream(ContextConfig.java:2104)
	at org.apache.catalina.startup.ContextConfig.processAnnotationsJar(ContextConfig.java:1980)
	at org.apache.catalina.startup.ContextConfig.processAnnotationsUrl(ContextConfig.java:1946)
	at org.apache.catalina.startup.ContextConfig.processAnnotations(ContextConfig.java:1931)
	at org.apache.catalina.startup.ContextConfig.webConfig(ContextConfig.java:1325)
	at org.apache.catalina.startup.ContextConfig.configureStart(ContextConfig.java:878)
	at org.apache.catalina.startup.ContextConfig.lifecycleEvent(ContextConfig.java:369)
	at org.apache.catalina.util.LifecycleSupport.fireLifecycleEvent(LifecycleSupport.java:119)
	at org.apache.catalina.util.LifecycleBase.fireLifecycleEvent(LifecycleBase.java:90)
	at org.apache.catalina.core.StandardContext.startInternal(StandardContext.java:5173)
	at org.apache.catalina.util.LifecycleBase.start(LifecycleBase.java:150)
	at org.apache.catalina.core.ContainerBase.addChildInternal(ContainerBase.java:901)
	at org.apache.catalina.core.ContainerBase.addChild(ContainerBase.java:877)
	at org.apache.catalina.core.StandardHost.addChild(StandardHost.java:633)
	at org.apache.catalina.startup.HostConfig.deployDirectory(HostConfig.java:1114)
	at org.apache.catalina.startup.HostConfig$DeployDirectory.run(HostConfig.java:1673)
	at java.util.concurrent.Executors$RunnableAdapter.call(Executors.java:511)
	at java.util.concurrent.FutureTask.run(FutureTask.java:266)
	at java.util.concurrent.ThreadPoolExecutor.runWorker(ThreadPoolExecutor.java:1142)
	at java.util.concurrent.ThreadPoolExecutor$Worker.run(ThreadPoolExecutor.java:617)
	at java.lang.Thread.run(Thread.java:745)

Oct 24, 2017 9:55:05 PM org.apache.catalina.startup.ContextConfig processAnnotationsJar
SEVERE: Unable to process Jar entry [module-info.class] from Jar [jar:file:/home/user/apache-tomcat-7.0.34/webapps/myEndPointApp/WEB-INF/lib/yasson-1.0.jar!/] for annotations
org.apache.tomcat.util.bcel.classfile.ClassFormatException: Invalid byte tag in constant pool: 19
	at org.apache.tomcat.util.bcel.classfile.Constant.readConstant(Constant.java:133)
	at org.apache.tomcat.util.bcel.classfile.ConstantPool.<init>(ConstantPool.java:60)
	at org.apache.tomcat.util.bcel.classfile.ClassParser.readConstantPool(ClassParser.java:209)
	at org.apache.tomcat.util.bcel.classfile.ClassParser.parse(ClassParser.java:119)
	at org.apache.catalina.startup.ContextConfig.processAnnotationsStream(ContextConfig.java:2104)
	at org.apache.catalina.startup.ContextConfig.processAnnotationsJar(ContextConfig.java:1980)
	at org.apache.catalina.startup.ContextConfig.processAnnotationsUrl(ContextConfig.java:1946)
	at org.apache.catalina.startup.ContextConfig.processAnnotations(ContextConfig.java:1931)
	at org.apache.catalina.startup.ContextConfig.webConfig(ContextConfig.java:1325)
	at org.apache.catalina.startup.ContextConfig.configureStart(ContextConfig.java:878)
	at org.apache.catalina.startup.ContextConfig.lifecycleEvent(ContextConfig.java:369)
	at org.apache.catalina.util.LifecycleSupport.fireLifecycleEvent(LifecycleSupport.java:119)
	at org.apache.catalina.util.LifecycleBase.fireLifecycleEvent(LifecycleBase.java:90)
	at org.apache.catalina.core.StandardContext.startInternal(StandardContext.java:5173)
	at org.apache.catalina.util.LifecycleBase.start(LifecycleBase.java:150)
	at org.apache.catalina.core.ContainerBase.addChildInternal(ContainerBase.java:901)
	at org.apache.catalina.core.ContainerBase.addChild(ContainerBase.java:877)
	at org.apache.catalina.core.StandardHost.addChild(StandardHost.java:633)
	at org.apache.catalina.startup.HostConfig.deployDirectory(HostConfig.java:1114)
	at org.apache.catalina.startup.HostConfig$DeployDirectory.run(HostConfig.java:1673)
	at java.util.concurrent.Executors$RunnableAdapter.call(Executors.java:511)
	at java.util.concurrent.FutureTask.run(FutureTask.java:266)
	at java.util.concurrent.ThreadPoolExecutor.runWorker(ThreadPoolExecutor.java:1142)
	at java.util.concurrent.ThreadPoolExecutor$Worker.run(ThreadPoolExecutor.java:617)
	at java.lang.Thread.run(Thread.java:745)

Oct 24, 2017 9:55:05 PM org.apache.catalina.startup.ContextConfig processAnnotationsJar
SEVERE: Unable to process Jar entry [module-info.class] from Jar [jar:file:/home/user/apache-tomcat-7.0.34/webapps/myEndPointApp/WEB-INF/lib/javax.json-api-1.1.jar!/] for annotations
org.apache.tomcat.util.bcel.classfile.ClassFormatException: Invalid byte tag in constant pool: 19
	at org.apache.tomcat.util.bcel.classfile.Constant.readConstant(Constant.java:133)
	at org.apache.tomcat.util.bcel.classfile.ConstantPool.<init>(ConstantPool.java:60)
	at org.apache.tomcat.util.bcel.classfile.ClassParser.readConstantPool(ClassParser.java:209)
	at org.apache.tomcat.util.bcel.classfile.ClassParser.parse(ClassParser.java:119)
	at org.apache.catalina.startup.ContextConfig.processAnnotationsStream(ContextConfig.java:2104)
	at org.apache.catalina.startup.ContextConfig.processAnnotationsJar(ContextConfig.java:1980)
	at org.apache.catalina.startup.ContextConfig.processAnnotationsUrl(ContextConfig.java:1946)
	at org.apache.catalina.startup.ContextConfig.processAnnotations(ContextConfig.java:1931)
	at org.apache.catalina.startup.ContextConfig.webConfig(ContextConfig.java:1325)
	at org.apache.catalina.startup.ContextConfig.configureStart(ContextConfig.java:878)
	at org.apache.catalina.startup.ContextConfig.lifecycleEvent(ContextConfig.java:369)
	at org.apache.catalina.util.LifecycleSupport.fireLifecycleEvent(LifecycleSupport.java:119)
	at org.apache.catalina.util.LifecycleBase.fireLifecycleEvent(LifecycleBase.java:90)
	at org.apache.catalina.core.StandardContext.startInternal(StandardContext.java:5173)
	at org.apache.catalina.util.LifecycleBase.start(LifecycleBase.java:150)
	at org.apache.catalina.core.ContainerBase.addChildInternal(ContainerBase.java:901)
	at org.apache.catalina.core.ContainerBase.addChild(ContainerBase.java:877)
	at org.apache.catalina.core.StandardHost.addChild(StandardHost.java:633)
	at org.apache.catalina.startup.HostConfig.deployDirectory(HostConfig.java:1114)
	at org.apache.catalina.startup.HostConfig$DeployDirectory.run(HostConfig.java:1673)
	at java.util.concurrent.Executors$RunnableAdapter.call(Executors.java:511)
	at java.util.concurrent.FutureTask.run(FutureTask.java:266)
	at java.util.concurrent.ThreadPoolExecutor.runWorker(ThreadPoolExecutor.java:1142)
	at java.util.concurrent.ThreadPoolExecutor$Worker.run(ThreadPoolExecutor.java:617)
	at java.lang.Thread.run(Thread.java:745)

Oct 24, 2017 9:55:05 PM org.apache.catalina.startup.ContextConfig processAnnotationsJar
SEVERE: Unable to process Jar entry [module-info.class] from Jar [jar:file:/home/user/apache-tomcat-7.0.34/webapps/myEndPointApp/WEB-INF/lib/javax.json.bind-api-1.0.jar!/] for annotations
org.apache.tomcat.util.bcel.classfile.ClassFormatException: Invalid byte tag in constant pool: 19
	at org.apache.tomcat.util.bcel.classfile.Constant.readConstant(Constant.java:133)
	at org.apache.tomcat.util.bcel.classfile.ConstantPool.<init>(ConstantPool.java:60)
	at org.apache.tomcat.util.bcel.classfile.ClassParser.readConstantPool(ClassParser.java:209)
	at org.apache.tomcat.util.bcel.classfile.ClassParser.parse(ClassParser.java:119)
	at org.apache.catalina.startup.ContextConfig.processAnnotationsStream(ContextConfig.java:2104)
	at org.apache.catalina.startup.ContextConfig.processAnnotationsJar(ContextConfig.java:1980)
	at org.apache.catalina.startup.ContextConfig.processAnnotationsUrl(ContextConfig.java:1946)
	at org.apache.catalina.startup.ContextConfig.processAnnotations(ContextConfig.java:1931)
	at org.apache.catalina.startup.ContextConfig.webConfig(ContextConfig.java:1325)
	at org.apache.catalina.startup.ContextConfig.configureStart(ContextConfig.java:878)
	at org.apache.catalina.startup.ContextConfig.lifecycleEvent(ContextConfig.java:369)
	at org.apache.catalina.util.LifecycleSupport.fireLifecycleEvent(LifecycleSupport.java:119)
	at org.apache.catalina.util.LifecycleBase.fireLifecycleEvent(LifecycleBase.java:90)
	at org.apache.catalina.core.StandardContext.startInternal(StandardContext.java:5173)
	at org.apache.catalina.util.LifecycleBase.start(LifecycleBase.java:150)
	at org.apache.catalina.core.ContainerBase.addChildInternal(ContainerBase.java:901)
	at org.apache.catalina.core.ContainerBase.addChild(ContainerBase.java:877)
	at org.apache.catalina.core.StandardHost.addChild(StandardHost.java:633)
	at org.apache.catalina.startup.HostConfig.deployDirectory(HostConfig.java:1114)
	at org.apache.catalina.startup.HostConfig$DeployDirectory.run(HostConfig.java:1673)
	at java.util.concurrent.Executors$RunnableAdapter.call(Executors.java:511)
	at java.util.concurrent.FutureTask.run(FutureTask.java:266)
	at java.util.concurrent.ThreadPoolExecutor.runWorker(ThreadPoolExecutor.java:1142)
	at java.util.concurrent.ThreadPoolExecutor$Worker.run(ThreadPoolExecutor.java:617)
	at java.lang.Thread.run(Thread.java:745)

Oct 24, 2017 9:55:06 PM org.apache.catalina.startup.HostConfig deployDirectory
INFO: Deploying web application directory /home/user/apache-tomcat-7.0.34/webapps/examples
Oct 24, 2017 9:55:06 PM org.apache.catalina.startup.HostConfig deployDirectory
INFO: Deploying web application directory /home/user/apache-tomcat-7.0.34/webapps/manager
Oct 24, 2017 9:55:06 PM org.apache.catalina.startup.HostConfig deployDirectory
INFO: Deploying web application directory /home/user/apache-tomcat-7.0.34/webapps/host-manager
Oct 24, 2017 9:55:06 PM org.apache.catalina.startup.Catalina start
INFO: Server startup in 2484 ms
Oct 24, 2017 9:55:06 PM org.apache.catalina.core.StandardServer await
SEVERE: StandardServer.await: create[localhost:8005]: 
java.net.BindException: Address already in use (Bind failed)
	at java.net.PlainSocketImpl.socketBind(Native Method)
	at java.net.AbstractPlainSocketImpl.bind(AbstractPlainSocketImpl.java:387)
	at java.net.ServerSocket.bind(ServerSocket.java:375)
	at java.net.ServerSocket.<init>(ServerSocket.java:237)
	at org.apache.catalina.core.StandardServer.await(StandardServer.java:427)
	at org.apache.catalina.startup.Catalina.await(Catalina.java:766)
	at org.apache.catalina.startup.Catalina.start(Catalina.java:712)
	at sun.reflect.NativeMethodAccessorImpl.invoke0(Native Method)
	at sun.reflect.NativeMethodAccessorImpl.invoke(NativeMethodAccessorImpl.java:62)
	at sun.reflect.DelegatingMethodAccessorImpl.invoke(DelegatingMethodAccessorImpl.java:43)
	at java.lang.reflect.Method.invoke(Method.java:498)
	at org.apache.catalina.startup.Bootstrap.start(Bootstrap.java:322)
	at org.apache.catalina.startup.Bootstrap.main(Bootstrap.java:451)

Oct 24, 2017 9:55:06 PM org.apache.coyote.AbstractProtocol pause
INFO: Pausing ProtocolHandler ["http-bio-8040"]
Oct 24, 2017 9:55:06 PM org.apache.coyote.AbstractProtocol pause
INFO: Pausing ProtocolHandler ["ajp-bio-8009"]
Oct 24, 2017 9:55:06 PM org.apache.catalina.core.StandardService stopInternal
INFO: Stopping service Catalina
Oct 24, 2017 9:55:06 PM org.apache.coyote.AbstractProtocol stop
INFO: Stopping ProtocolHandler ["http-bio-8040"]
Oct 24, 2017 9:55:06 PM org.apache.coyote.AbstractProtocol destroy
INFO: Destroying ProtocolHandler ["http-bio-8040"]
Oct 24, 2017 9:55:06 PM org.apache.coyote.AbstractProtocol stop
INFO: Stopping ProtocolHandler ["ajp-bio-8009"]
Oct 24, 2017 9:55:06 PM org.apache.coyote.AbstractProtocol destroy
INFO: Destroying ProtocolHandler ["ajp-bio-8009"]
Oct 24, 2017 9:55:13 PM org.apache.catalina.core.StandardServer await
INFO: A valid shutdown command was received via the shutdown port. Stopping the Server instance.
Oct 24, 2017 9:55:13 PM org.apache.coyote.AbstractProtocol pause
INFO: Pausing ProtocolHandler ["http-bio-8040"]
Oct 24, 2017 9:55:13 PM org.apache.coyote.AbstractProtocol pause
INFO: Pausing ProtocolHandler ["ajp-bio-8009"]
Oct 24, 2017 9:55:13 PM org.apache.catalina.core.StandardService stopInternal
INFO: Stopping service Catalina
Oct 24, 2017 9:55:13 PM org.apache.coyote.AbstractProtocol stop
INFO: Stopping ProtocolHandler ["http-bio-8040"]
Oct 24, 2017 9:55:13 PM org.apache.coyote.AbstractProtocol stop
INFO: Stopping ProtocolHandler ["ajp-bio-8009"]
Oct 24, 2017 9:55:13 PM org.apache.coyote.AbstractProtocol destroy
INFO: Destroying ProtocolHandler ["http-bio-8040"]
Oct 24, 2017 9:55:13 PM org.apache.coyote.AbstractProtocol destroy
INFO: Destroying ProtocolHandler ["ajp-bio-8009"]
Oct 24, 2017 9:55:31 PM org.apache.catalina.core.AprLifecycleListener init
INFO: The APR based Apache Tomcat Native library which allows optimal performance in production environments was not found on the java.library.path: /usr/java/packages/lib/i386:/usr/lib/i386-linux-gnu/jni:/lib/i386-linux-gnu:/usr/lib/i386-linux-gnu:/usr/lib/jni:/lib:/usr/lib
Oct 24, 2017 9:55:31 PM org.apache.coyote.AbstractProtocol init
INFO: Initializing ProtocolHandler ["http-bio-8040"]
Oct 24, 2017 9:55:31 PM org.apache.coyote.AbstractProtocol init
INFO: Initializing ProtocolHandler ["ajp-bio-8009"]
Oct 24, 2017 9:55:31 PM org.apache.catalina.startup.Catalina load
INFO: Initialization processed in 764 ms
Oct 24, 2017 9:55:31 PM org.apache.catalina.core.StandardService startInternal
INFO: Starting service Catalina
Oct 24, 2017 9:55:31 PM org.apache.catalina.core.StandardEngine startInternal
INFO: Starting Servlet Engine: Apache Tomcat/7.0.34
Oct 24, 2017 9:55:31 PM org.apache.catalina.startup.HostConfig deployDirectory
INFO: Deploying web application directory /home/user/apache-tomcat-7.0.34/webapps/docs
Oct 24, 2017 9:55:32 PM org.apache.catalina.startup.HostConfig deployDirectory
INFO: Deploying web application directory /home/user/apache-tomcat-7.0.34/webapps/ROOT
Oct 24, 2017 9:55:32 PM org.apache.catalina.startup.HostConfig deployDirectory
INFO: Deploying web application directory /home/user/apache-tomcat-7.0.34/webapps/myEndPointApp
Oct 24, 2017 9:55:32 PM org.apache.catalina.loader.WebappClassLoader validateJarFile
INFO: validateJarFile(/home/user/apache-tomcat-7.0.34/webapps/myEndPointApp/WEB-INF/lib/el-api-2.2.jar) - jar not loaded. See Servlet Spec 2.3, section 9.7.2. Offending class: javax/el/Expression.class
Oct 24, 2017 9:55:32 PM org.apache.catalina.loader.WebappClassLoader validateJarFile
INFO: validateJarFile(/home/user/apache-tomcat-7.0.34/webapps/myEndPointApp/WEB-INF/lib/javax.servlet-api-3.0.1.jar) - jar not loaded. See Servlet Spec 2.3, section 9.7.2. Offending class: javax/servlet/Servlet.class
Oct 24, 2017 9:55:32 PM org.apache.catalina.startup.ContextConfig processAnnotationsJar
SEVERE: Unable to process Jar entry [module-info.class] from Jar [jar:file:/home/user/apache-tomcat-7.0.34/webapps/myEndPointApp/WEB-INF/lib/javax.json-1.1.jar!/] for annotations
org.apache.tomcat.util.bcel.classfile.ClassFormatException: Invalid byte tag in constant pool: 19
	at org.apache.tomcat.util.bcel.classfile.Constant.readConstant(Constant.java:133)
	at org.apache.tomcat.util.bcel.classfile.ConstantPool.<init>(ConstantPool.java:60)
	at org.apache.tomcat.util.bcel.classfile.ClassParser.readConstantPool(ClassParser.java:209)
	at org.apache.tomcat.util.bcel.classfile.ClassParser.parse(ClassParser.java:119)
	at org.apache.catalina.startup.ContextConfig.processAnnotationsStream(ContextConfig.java:2104)
	at org.apache.catalina.startup.ContextConfig.processAnnotationsJar(ContextConfig.java:1980)
	at org.apache.catalina.startup.ContextConfig.processAnnotationsUrl(ContextConfig.java:1946)
	at org.apache.catalina.startup.ContextConfig.processAnnotations(ContextConfig.java:1931)
	at org.apache.catalina.startup.ContextConfig.webConfig(ContextConfig.java:1325)
	at org.apache.catalina.startup.ContextConfig.configureStart(ContextConfig.java:878)
	at org.apache.catalina.startup.ContextConfig.lifecycleEvent(ContextConfig.java:369)
	at org.apache.catalina.util.LifecycleSupport.fireLifecycleEvent(LifecycleSupport.java:119)
	at org.apache.catalina.util.LifecycleBase.fireLifecycleEvent(LifecycleBase.java:90)
	at org.apache.catalina.core.StandardContext.startInternal(StandardContext.java:5173)
	at org.apache.catalina.util.LifecycleBase.start(LifecycleBase.java:150)
	at org.apache.catalina.core.ContainerBase.addChildInternal(ContainerBase.java:901)
	at org.apache.catalina.core.ContainerBase.addChild(ContainerBase.java:877)
	at org.apache.catalina.core.StandardHost.addChild(StandardHost.java:633)
	at org.apache.catalina.startup.HostConfig.deployDirectory(HostConfig.java:1114)
	at org.apache.catalina.startup.HostConfig$DeployDirectory.run(HostConfig.java:1673)
	at java.util.concurrent.Executors$RunnableAdapter.call(Executors.java:511)
	at java.util.concurrent.FutureTask.run(FutureTask.java:266)
	at java.util.concurrent.ThreadPoolExecutor.runWorker(ThreadPoolExecutor.java:1142)
	at java.util.concurrent.ThreadPoolExecutor$Worker.run(ThreadPoolExecutor.java:617)
	at java.lang.Thread.run(Thread.java:745)

Oct 24, 2017 9:55:32 PM org.apache.catalina.startup.ContextConfig processAnnotationsJar
SEVERE: Unable to process Jar entry [module-info.class] from Jar [jar:file:/home/user/apache-tomcat-7.0.34/webapps/myEndPointApp/WEB-INF/lib/javax.json-api-1.1.jar!/] for annotations
org.apache.tomcat.util.bcel.classfile.ClassFormatException: Invalid byte tag in constant pool: 19
	at org.apache.tomcat.util.bcel.classfile.Constant.readConstant(Constant.java:133)
	at org.apache.tomcat.util.bcel.classfile.ConstantPool.<init>(ConstantPool.java:60)
	at org.apache.tomcat.util.bcel.classfile.ClassParser.readConstantPool(ClassParser.java:209)
	at org.apache.tomcat.util.bcel.classfile.ClassParser.parse(ClassParser.java:119)
	at org.apache.catalina.startup.ContextConfig.processAnnotationsStream(ContextConfig.java:2104)
	at org.apache.catalina.startup.ContextConfig.processAnnotationsJar(ContextConfig.java:1980)
	at org.apache.catalina.startup.ContextConfig.processAnnotationsUrl(ContextConfig.java:1946)
	at org.apache.catalina.startup.ContextConfig.processAnnotations(ContextConfig.java:1931)
	at org.apache.catalina.startup.ContextConfig.webConfig(ContextConfig.java:1325)
	at org.apache.catalina.startup.ContextConfig.configureStart(ContextConfig.java:878)
	at org.apache.catalina.startup.ContextConfig.lifecycleEvent(ContextConfig.java:369)
	at org.apache.catalina.util.LifecycleSupport.fireLifecycleEvent(LifecycleSupport.java:119)
	at org.apache.catalina.util.LifecycleBase.fireLifecycleEvent(LifecycleBase.java:90)
	at org.apache.catalina.core.StandardContext.startInternal(StandardContext.java:5173)
	at org.apache.catalina.util.LifecycleBase.start(LifecycleBase.java:150)
	at org.apache.catalina.core.ContainerBase.addChildInternal(ContainerBase.java:901)
	at org.apache.catalina.core.ContainerBase.addChild(ContainerBase.java:877)
	at org.apache.catalina.core.StandardHost.addChild(StandardHost.java:633)
	at org.apache.catalina.startup.HostConfig.deployDirectory(HostConfig.java:1114)
	at org.apache.catalina.startup.HostConfig$DeployDirectory.run(HostConfig.java:1673)
	at java.util.concurrent.Executors$RunnableAdapter.call(Executors.java:511)
	at java.util.concurrent.FutureTask.run(FutureTask.java:266)
	at java.util.concurrent.ThreadPoolExecutor.runWorker(ThreadPoolExecutor.java:1142)
	at java.util.concurrent.ThreadPoolExecutor$Worker.run(ThreadPoolExecutor.java:617)
	at java.lang.Thread.run(Thread.java:745)

Oct 24, 2017 9:55:32 PM org.apache.catalina.startup.ContextConfig processAnnotationsJar
SEVERE: Unable to process Jar entry [module-info.class] from Jar [jar:file:/home/user/apache-tomcat-7.0.34/webapps/myEndPointApp/WEB-INF/lib/yasson-1.0.jar!/] for annotations
org.apache.tomcat.util.bcel.classfile.ClassFormatException: Invalid byte tag in constant pool: 19
	at org.apache.tomcat.util.bcel.classfile.Constant.readConstant(Constant.java:133)
	at org.apache.tomcat.util.bcel.classfile.ConstantPool.<init>(ConstantPool.java:60)
	at org.apache.tomcat.util.bcel.classfile.ClassParser.readConstantPool(ClassParser.java:209)
	at org.apache.tomcat.util.bcel.classfile.ClassParser.parse(ClassParser.java:119)
	at org.apache.catalina.startup.ContextConfig.processAnnotationsStream(ContextConfig.java:2104)
	at org.apache.catalina.startup.ContextConfig.processAnnotationsJar(ContextConfig.java:1980)
	at org.apache.catalina.startup.ContextConfig.processAnnotationsUrl(ContextConfig.java:1946)
	at org.apache.catalina.startup.ContextConfig.processAnnotations(ContextConfig.java:1931)
	at org.apache.catalina.startup.ContextConfig.webConfig(ContextConfig.java:1325)
	at org.apache.catalina.startup.ContextConfig.configureStart(ContextConfig.java:878)
	at org.apache.catalina.startup.ContextConfig.lifecycleEvent(ContextConfig.java:369)
	at org.apache.catalina.util.LifecycleSupport.fireLifecycleEvent(LifecycleSupport.java:119)
	at org.apache.catalina.util.LifecycleBase.fireLifecycleEvent(LifecycleBase.java:90)
	at org.apache.catalina.core.StandardContext.startInternal(StandardContext.java:5173)
	at org.apache.catalina.util.LifecycleBase.start(LifecycleBase.java:150)
	at org.apache.catalina.core.ContainerBase.addChildInternal(ContainerBase.java:901)
	at org.apache.catalina.core.ContainerBase.addChild(ContainerBase.java:877)
	at org.apache.catalina.core.StandardHost.addChild(StandardHost.java:633)
	at org.apache.catalina.startup.HostConfig.deployDirectory(HostConfig.java:1114)
	at org.apache.catalina.startup.HostConfig$DeployDirectory.run(HostConfig.java:1673)
	at java.util.concurrent.Executors$RunnableAdapter.call(Executors.java:511)
	at java.util.concurrent.FutureTask.run(FutureTask.java:266)
	at java.util.concurrent.ThreadPoolExecutor.runWorker(ThreadPoolExecutor.java:1142)
	at java.util.concurrent.ThreadPoolExecutor$Worker.run(ThreadPoolExecutor.java:617)
	at java.lang.Thread.run(Thread.java:745)

Oct 24, 2017 9:55:33 PM org.apache.catalina.startup.ContextConfig processAnnotationsJar
SEVERE: Unable to process Jar entry [module-info.class] from Jar [jar:file:/home/user/apache-tomcat-7.0.34/webapps/myEndPointApp/WEB-INF/lib/javax.json.bind-api-1.0.jar!/] for annotations
org.apache.tomcat.util.bcel.classfile.ClassFormatException: Invalid byte tag in constant pool: 19
	at org.apache.tomcat.util.bcel.classfile.Constant.readConstant(Constant.java:133)
	at org.apache.tomcat.util.bcel.classfile.ConstantPool.<init>(ConstantPool.java:60)
	at org.apache.tomcat.util.bcel.classfile.ClassParser.readConstantPool(ClassParser.java:209)
	at org.apache.tomcat.util.bcel.classfile.ClassParser.parse(ClassParser.java:119)
	at org.apache.catalina.startup.ContextConfig.processAnnotationsStream(ContextConfig.java:2104)
	at org.apache.catalina.startup.ContextConfig.processAnnotationsJar(ContextConfig.java:1980)
	at org.apache.catalina.startup.ContextConfig.processAnnotationsUrl(ContextConfig.java:1946)
	at org.apache.catalina.startup.ContextConfig.processAnnotations(ContextConfig.java:1931)
	at org.apache.catalina.startup.ContextConfig.webConfig(ContextConfig.java:1325)
	at org.apache.catalina.startup.ContextConfig.configureStart(ContextConfig.java:878)
	at org.apache.catalina.startup.ContextConfig.lifecycleEvent(ContextConfig.java:369)
	at org.apache.catalina.util.LifecycleSupport.fireLifecycleEvent(LifecycleSupport.java:119)
	at org.apache.catalina.util.LifecycleBase.fireLifecycleEvent(LifecycleBase.java:90)
	at org.apache.catalina.core.StandardContext.startInternal(StandardContext.java:5173)
	at org.apache.catalina.util.LifecycleBase.start(LifecycleBase.java:150)
	at org.apache.catalina.core.ContainerBase.addChildInternal(ContainerBase.java:901)
	at org.apache.catalina.core.ContainerBase.addChild(ContainerBase.java:877)
	at org.apache.catalina.core.StandardHost.addChild(StandardHost.java:633)
	at org.apache.catalina.startup.HostConfig.deployDirectory(HostConfig.java:1114)
	at org.apache.catalina.startup.HostConfig$DeployDirectory.run(HostConfig.java:1673)
	at java.util.concurrent.Executors$RunnableAdapter.call(Executors.java:511)
	at java.util.concurrent.FutureTask.run(FutureTask.java:266)
	at java.util.concurrent.ThreadPoolExecutor.runWorker(ThreadPoolExecutor.java:1142)
	at java.util.concurrent.ThreadPoolExecutor$Worker.run(ThreadPoolExecutor.java:617)
	at java.lang.Thread.run(Thread.java:745)

Oct 24, 2017 9:55:34 PM org.apache.catalina.startup.HostConfig deployDirectory
INFO: Deploying web application directory /home/user/apache-tomcat-7.0.34/webapps/examples
Oct 24, 2017 9:55:34 PM org.apache.catalina.startup.HostConfig deployDirectory
INFO: Deploying web application directory /home/user/apache-tomcat-7.0.34/webapps/manager
Oct 24, 2017 9:55:34 PM org.apache.catalina.startup.HostConfig deployDirectory
INFO: Deploying web application directory /home/user/apache-tomcat-7.0.34/webapps/host-manager
Oct 24, 2017 9:55:34 PM org.apache.coyote.AbstractProtocol start
INFO: Starting ProtocolHandler ["http-bio-8040"]
Oct 24, 2017 9:55:34 PM org.apache.coyote.AbstractProtocol start
INFO: Starting ProtocolHandler ["ajp-bio-8009"]
Oct 24, 2017 9:55:34 PM org.apache.catalina.startup.Catalina start
INFO: Server startup in 2486 ms
Oct 24, 2017 10:08:35 PM org.apache.catalina.core.StandardContext reload
INFO: Reloading Context with name [/myEndPointApp] has started
Oct 24, 2017 10:08:35 PM org.apache.catalina.loader.WebappClassLoader validateJarFile
INFO: validateJarFile(/home/user/apache-tomcat-7.0.34/webapps/myEndPointApp/WEB-INF/lib/el-api-2.2.jar) - jar not loaded. See Servlet Spec 2.3, section 9.7.2. Offending class: javax/el/Expression.class
Oct 24, 2017 10:08:35 PM org.apache.catalina.loader.WebappClassLoader validateJarFile
INFO: validateJarFile(/home/user/apache-tomcat-7.0.34/webapps/myEndPointApp/WEB-INF/lib/javax.servlet-api-3.0.1.jar) - jar not loaded. See Servlet Spec 2.3, section 9.7.2. Offending class: javax/servlet/Servlet.class
Oct 24, 2017 10:08:36 PM org.apache.catalina.startup.ContextConfig processAnnotationsJar
SEVERE: Unable to process Jar entry [module-info.class] from Jar [jar:file:/home/user/apache-tomcat-7.0.34/webapps/myEndPointApp/WEB-INF/lib/yasson-1.0.jar!/] for annotations
org.apache.tomcat.util.bcel.classfile.ClassFormatException: Invalid byte tag in constant pool: 19
	at org.apache.tomcat.util.bcel.classfile.Constant.readConstant(Constant.java:133)
	at org.apache.tomcat.util.bcel.classfile.ConstantPool.<init>(ConstantPool.java:60)
	at org.apache.tomcat.util.bcel.classfile.ClassParser.readConstantPool(ClassParser.java:209)
	at org.apache.tomcat.util.bcel.classfile.ClassParser.parse(ClassParser.java:119)
	at org.apache.catalina.startup.ContextConfig.processAnnotationsStream(ContextConfig.java:2104)
	at org.apache.catalina.startup.ContextConfig.processAnnotationsJar(ContextConfig.java:1980)
	at org.apache.catalina.startup.ContextConfig.processAnnotationsUrl(ContextConfig.java:1946)
	at org.apache.catalina.startup.ContextConfig.processAnnotations(ContextConfig.java:1931)
	at org.apache.catalina.startup.ContextConfig.webConfig(ContextConfig.java:1325)
	at org.apache.catalina.startup.ContextConfig.configureStart(ContextConfig.java:878)
	at org.apache.catalina.startup.ContextConfig.lifecycleEvent(ContextConfig.java:369)
	at org.apache.catalina.util.LifecycleSupport.fireLifecycleEvent(LifecycleSupport.java:119)
	at org.apache.catalina.util.LifecycleBase.fireLifecycleEvent(LifecycleBase.java:90)
	at org.apache.catalina.core.StandardContext.startInternal(StandardContext.java:5173)
	at org.apache.catalina.util.LifecycleBase.start(LifecycleBase.java:150)
	at org.apache.catalina.core.StandardContext.reload(StandardContext.java:3920)
	at org.apache.catalina.loader.WebappLoader.backgroundProcess(WebappLoader.java:426)
	at org.apache.catalina.core.ContainerBase.backgroundProcess(ContainerBase.java:1345)
	at org.apache.catalina.core.ContainerBase$ContainerBackgroundProcessor.processChildren(ContainerBase.java:1530)
	at org.apache.catalina.core.ContainerBase$ContainerBackgroundProcessor.processChildren(ContainerBase.java:1540)
	at org.apache.catalina.core.ContainerBase$ContainerBackgroundProcessor.processChildren(ContainerBase.java:1540)
	at org.apache.catalina.core.ContainerBase$ContainerBackgroundProcessor.run(ContainerBase.java:1519)
	at java.lang.Thread.run(Thread.java:745)

Oct 24, 2017 10:08:36 PM org.apache.catalina.startup.ContextConfig processAnnotationsJar
SEVERE: Unable to process Jar entry [module-info.class] from Jar [jar:file:/home/user/apache-tomcat-7.0.34/webapps/myEndPointApp/WEB-INF/lib/javax.json-api-1.1.jar!/] for annotations
org.apache.tomcat.util.bcel.classfile.ClassFormatException: Invalid byte tag in constant pool: 19
	at org.apache.tomcat.util.bcel.classfile.Constant.readConstant(Constant.java:133)
	at org.apache.tomcat.util.bcel.classfile.ConstantPool.<init>(ConstantPool.java:60)
	at org.apache.tomcat.util.bcel.classfile.ClassParser.readConstantPool(ClassParser.java:209)
	at org.apache.tomcat.util.bcel.classfile.ClassParser.parse(ClassParser.java:119)
	at org.apache.catalina.startup.ContextConfig.processAnnotationsStream(ContextConfig.java:2104)
	at org.apache.catalina.startup.ContextConfig.processAnnotationsJar(ContextConfig.java:1980)
	at org.apache.catalina.startup.ContextConfig.processAnnotationsUrl(ContextConfig.java:1946)
	at org.apache.catalina.startup.ContextConfig.processAnnotations(ContextConfig.java:1931)
	at org.apache.catalina.startup.ContextConfig.webConfig(ContextConfig.java:1325)
	at org.apache.catalina.startup.ContextConfig.configureStart(ContextConfig.java:878)
	at org.apache.catalina.startup.ContextConfig.lifecycleEvent(ContextConfig.java:369)
	at org.apache.catalina.util.LifecycleSupport.fireLifecycleEvent(LifecycleSupport.java:119)
	at org.apache.catalina.util.LifecycleBase.fireLifecycleEvent(LifecycleBase.java:90)
	at org.apache.catalina.core.StandardContext.startInternal(StandardContext.java:5173)
	at org.apache.catalina.util.LifecycleBase.start(LifecycleBase.java:150)
	at org.apache.catalina.core.StandardContext.reload(StandardContext.java:3920)
	at org.apache.catalina.loader.WebappLoader.backgroundProcess(WebappLoader.java:426)
	at org.apache.catalina.core.ContainerBase.backgroundProcess(ContainerBase.java:1345)
	at org.apache.catalina.core.ContainerBase$ContainerBackgroundProcessor.processChildren(ContainerBase.java:1530)
	at org.apache.catalina.core.ContainerBase$ContainerBackgroundProcessor.processChildren(ContainerBase.java:1540)
	at org.apache.catalina.core.ContainerBase$ContainerBackgroundProcessor.processChildren(ContainerBase.java:1540)
	at org.apache.catalina.core.ContainerBase$ContainerBackgroundProcessor.run(ContainerBase.java:1519)
	at java.lang.Thread.run(Thread.java:745)

Oct 24, 2017 10:08:36 PM org.apache.catalina.startup.ContextConfig processAnnotationsJar
SEVERE: Unable to process Jar entry [module-info.class] from Jar [jar:file:/home/user/apache-tomcat-7.0.34/webapps/myEndPointApp/WEB-INF/lib/javax.json.bind-api-1.0.jar!/] for annotations
org.apache.tomcat.util.bcel.classfile.ClassFormatException: Invalid byte tag in constant pool: 19
	at org.apache.tomcat.util.bcel.classfile.Constant.readConstant(Constant.java:133)
	at org.apache.tomcat.util.bcel.classfile.ConstantPool.<init>(ConstantPool.java:60)
	at org.apache.tomcat.util.bcel.classfile.ClassParser.readConstantPool(ClassParser.java:209)
	at org.apache.tomcat.util.bcel.classfile.ClassParser.parse(ClassParser.java:119)
	at org.apache.catalina.startup.ContextConfig.processAnnotationsStream(ContextConfig.java:2104)
	at org.apache.catalina.startup.ContextConfig.processAnnotationsJar(ContextConfig.java:1980)
	at org.apache.catalina.startup.ContextConfig.processAnnotationsUrl(ContextConfig.java:1946)
	at org.apache.catalina.startup.ContextConfig.processAnnotations(ContextConfig.java:1931)
	at org.apache.catalina.startup.ContextConfig.webConfig(ContextConfig.java:1325)
	at org.apache.catalina.startup.ContextConfig.configureStart(ContextConfig.java:878)
	at org.apache.catalina.startup.ContextConfig.lifecycleEvent(ContextConfig.java:369)
	at org.apache.catalina.util.LifecycleSupport.fireLifecycleEvent(LifecycleSupport.java:119)
	at org.apache.catalina.util.LifecycleBase.fireLifecycleEvent(LifecycleBase.java:90)
	at org.apache.catalina.core.StandardContext.startInternal(StandardContext.java:5173)
	at org.apache.catalina.util.LifecycleBase.start(LifecycleBase.java:150)
	at org.apache.catalina.core.StandardContext.reload(StandardContext.java:3920)
	at org.apache.catalina.loader.WebappLoader.backgroundProcess(WebappLoader.java:426)
	at org.apache.catalina.core.ContainerBase.backgroundProcess(ContainerBase.java:1345)
	at org.apache.catalina.core.ContainerBase$ContainerBackgroundProcessor.processChildren(ContainerBase.java:1530)
	at org.apache.catalina.core.ContainerBase$ContainerBackgroundProcessor.processChildren(ContainerBase.java:1540)
	at org.apache.catalina.core.ContainerBase$ContainerBackgroundProcessor.processChildren(ContainerBase.java:1540)
	at org.apache.catalina.core.ContainerBase$ContainerBackgroundProcessor.run(ContainerBase.java:1519)
	at java.lang.Thread.run(Thread.java:745)

Oct 24, 2017 10:08:36 PM org.apache.catalina.startup.ContextConfig processAnnotationsJar
SEVERE: Unable to process Jar entry [module-info.class] from Jar [jar:file:/home/user/apache-tomcat-7.0.34/webapps/myEndPointApp/WEB-INF/lib/javax.json-1.1.jar!/] for annotations
org.apache.tomcat.util.bcel.classfile.ClassFormatException: Invalid byte tag in constant pool: 19
	at org.apache.tomcat.util.bcel.classfile.Constant.readConstant(Constant.java:133)
	at org.apache.tomcat.util.bcel.classfile.ConstantPool.<init>(ConstantPool.java:60)
	at org.apache.tomcat.util.bcel.classfile.ClassParser.readConstantPool(ClassParser.java:209)
	at org.apache.tomcat.util.bcel.classfile.ClassParser.parse(ClassParser.java:119)
	at org.apache.catalina.startup.ContextConfig.processAnnotationsStream(ContextConfig.java:2104)
	at org.apache.catalina.startup.ContextConfig.processAnnotationsJar(ContextConfig.java:1980)
	at org.apache.catalina.startup.ContextConfig.processAnnotationsUrl(ContextConfig.java:1946)
	at org.apache.catalina.startup.ContextConfig.processAnnotations(ContextConfig.java:1931)
	at org.apache.catalina.startup.ContextConfig.webConfig(ContextConfig.java:1325)
	at org.apache.catalina.startup.ContextConfig.configureStart(ContextConfig.java:878)
	at org.apache.catalina.startup.ContextConfig.lifecycleEvent(ContextConfig.java:369)
	at org.apache.catalina.util.LifecycleSupport.fireLifecycleEvent(LifecycleSupport.java:119)
	at org.apache.catalina.util.LifecycleBase.fireLifecycleEvent(LifecycleBase.java:90)
	at org.apache.catalina.core.StandardContext.startInternal(StandardContext.java:5173)
	at org.apache.catalina.util.LifecycleBase.start(LifecycleBase.java:150)
	at org.apache.catalina.core.StandardContext.reload(StandardContext.java:3920)
	at org.apache.catalina.loader.WebappLoader.backgroundProcess(WebappLoader.java:426)
	at org.apache.catalina.core.ContainerBase.backgroundProcess(ContainerBase.java:1345)
	at org.apache.catalina.core.ContainerBase$ContainerBackgroundProcessor.processChildren(ContainerBase.java:1530)
	at org.apache.catalina.core.ContainerBase$ContainerBackgroundProcessor.processChildren(ContainerBase.java:1540)
	at org.apache.catalina.core.ContainerBase$ContainerBackgroundProcessor.processChildren(ContainerBase.java:1540)
	at org.apache.catalina.core.ContainerBase$ContainerBackgroundProcessor.run(ContainerBase.java:1519)
	at java.lang.Thread.run(Thread.java:745)

Oct 24, 2017 10:08:36 PM org.apache.catalina.core.StandardContext reload
INFO: Reloading Context with name [/myEndPointApp] is completed
Oct 24, 2017 10:11:07 PM org.apache.catalina.loader.WebappClassLoader modified
SEVERE:     Resource '/WEB-INF/classes/com/ReciveFromServer.class' is missing
Oct 24, 2017 10:11:07 PM org.apache.catalina.core.StandardContext reload
INFO: Reloading Context with name [/myEndPointApp] has started
Oct 24, 2017 10:11:07 PM org.apache.catalina.loader.WebappClassLoader validateJarFile
INFO: validateJarFile(/home/user/apache-tomcat-7.0.34/webapps/myEndPointApp/WEB-INF/lib/el-api-2.2.jar) - jar not loaded. See Servlet Spec 2.3, section 9.7.2. Offending class: javax/el/Expression.class
Oct 24, 2017 10:11:07 PM org.apache.catalina.loader.WebappClassLoader validateJarFile
INFO: validateJarFile(/home/user/apache-tomcat-7.0.34/webapps/myEndPointApp/WEB-INF/lib/javax.servlet-api-3.0.1.jar) - jar not loaded. See Servlet Spec 2.3, section 9.7.2. Offending class: javax/servlet/Servlet.class
Oct 24, 2017 10:11:08 PM org.apache.catalina.startup.ContextConfig processAnnotationsJar
SEVERE: Unable to process Jar entry [module-info.class] from Jar [jar:file:/home/user/apache-tomcat-7.0.34/webapps/myEndPointApp/WEB-INF/lib/javax.json.bind-api-1.0.jar!/] for annotations
org.apache.tomcat.util.bcel.classfile.ClassFormatException: Invalid byte tag in constant pool: 19
	at org.apache.tomcat.util.bcel.classfile.Constant.readConstant(Constant.java:133)
	at org.apache.tomcat.util.bcel.classfile.ConstantPool.<init>(ConstantPool.java:60)
	at org.apache.tomcat.util.bcel.classfile.ClassParser.readConstantPool(ClassParser.java:209)
	at org.apache.tomcat.util.bcel.classfile.ClassParser.parse(ClassParser.java:119)
	at org.apache.catalina.startup.ContextConfig.processAnnotationsStream(ContextConfig.java:2104)
	at org.apache.catalina.startup.ContextConfig.processAnnotationsJar(ContextConfig.java:1980)
	at org.apache.catalina.startup.ContextConfig.processAnnotationsUrl(ContextConfig.java:1946)
	at org.apache.catalina.startup.ContextConfig.processAnnotations(ContextConfig.java:1931)
	at org.apache.catalina.startup.ContextConfig.webConfig(ContextConfig.java:1325)
	at org.apache.catalina.startup.ContextConfig.configureStart(ContextConfig.java:878)
	at org.apache.catalina.startup.ContextConfig.lifecycleEvent(ContextConfig.java:369)
	at org.apache.catalina.util.LifecycleSupport.fireLifecycleEvent(LifecycleSupport.java:119)
	at org.apache.catalina.util.LifecycleBase.fireLifecycleEvent(LifecycleBase.java:90)
	at org.apache.catalina.core.StandardContext.startInternal(StandardContext.java:5173)
	at org.apache.catalina.util.LifecycleBase.start(LifecycleBase.java:150)
	at org.apache.catalina.core.StandardContext.reload(StandardContext.java:3920)
	at org.apache.catalina.loader.WebappLoader.backgroundProcess(WebappLoader.java:426)
	at org.apache.catalina.core.ContainerBase.backgroundProcess(ContainerBase.java:1345)
	at org.apache.catalina.core.ContainerBase$ContainerBackgroundProcessor.processChildren(ContainerBase.java:1530)
	at org.apache.catalina.core.ContainerBase$ContainerBackgroundProcessor.processChildren(ContainerBase.java:1540)
	at org.apache.catalina.core.ContainerBase$ContainerBackgroundProcessor.processChildren(ContainerBase.java:1540)
	at org.apache.catalina.core.ContainerBase$ContainerBackgroundProcessor.run(ContainerBase.java:1519)
	at java.lang.Thread.run(Thread.java:745)

Oct 24, 2017 10:11:08 PM org.apache.catalina.startup.ContextConfig processAnnotationsJar
SEVERE: Unable to process Jar entry [module-info.class] from Jar [jar:file:/home/user/apache-tomcat-7.0.34/webapps/myEndPointApp/WEB-INF/lib/javax.json-api-1.1.jar!/] for annotations
org.apache.tomcat.util.bcel.classfile.ClassFormatException: Invalid byte tag in constant pool: 19
	at org.apache.tomcat.util.bcel.classfile.Constant.readConstant(Constant.java:133)
	at org.apache.tomcat.util.bcel.classfile.ConstantPool.<init>(ConstantPool.java:60)
	at org.apache.tomcat.util.bcel.classfile.ClassParser.readConstantPool(ClassParser.java:209)
	at org.apache.tomcat.util.bcel.classfile.ClassParser.parse(ClassParser.java:119)
	at org.apache.catalina.startup.ContextConfig.processAnnotationsStream(ContextConfig.java:2104)
	at org.apache.catalina.startup.ContextConfig.processAnnotationsJar(ContextConfig.java:1980)
	at org.apache.catalina.startup.ContextConfig.processAnnotationsUrl(ContextConfig.java:1946)
	at org.apache.catalina.startup.ContextConfig.processAnnotations(ContextConfig.java:1931)
	at org.apache.catalina.startup.ContextConfig.webConfig(ContextConfig.java:1325)
	at org.apache.catalina.startup.ContextConfig.configureStart(ContextConfig.java:878)
	at org.apache.catalina.startup.ContextConfig.lifecycleEvent(ContextConfig.java:369)
	at org.apache.catalina.util.LifecycleSupport.fireLifecycleEvent(LifecycleSupport.java:119)
	at org.apache.catalina.util.LifecycleBase.fireLifecycleEvent(LifecycleBase.java:90)
	at org.apache.catalina.core.StandardContext.startInternal(StandardContext.java:5173)
	at org.apache.catalina.util.LifecycleBase.start(LifecycleBase.java:150)
	at org.apache.catalina.core.StandardContext.reload(StandardContext.java:3920)
	at org.apache.catalina.loader.WebappLoader.backgroundProcess(WebappLoader.java:426)
	at org.apache.catalina.core.ContainerBase.backgroundProcess(ContainerBase.java:1345)
	at org.apache.catalina.core.ContainerBase$ContainerBackgroundProcessor.processChildren(ContainerBase.java:1530)
	at org.apache.catalina.core.ContainerBase$ContainerBackgroundProcessor.processChildren(ContainerBase.java:1540)
	at org.apache.catalina.core.ContainerBase$ContainerBackgroundProcessor.processChildren(ContainerBase.java:1540)
	at org.apache.catalina.core.ContainerBase$ContainerBackgroundProcessor.run(ContainerBase.java:1519)
	at java.lang.Thread.run(Thread.java:745)

Oct 24, 2017 10:11:08 PM org.apache.catalina.startup.ContextConfig processAnnotationsJar
SEVERE: Unable to process Jar entry [module-info.class] from Jar [jar:file:/home/user/apache-tomcat-7.0.34/webapps/myEndPointApp/WEB-INF/lib/yasson-1.0.jar!/] for annotations
org.apache.tomcat.util.bcel.classfile.ClassFormatException: Invalid byte tag in constant pool: 19
	at org.apache.tomcat.util.bcel.classfile.Constant.readConstant(Constant.java:133)
	at org.apache.tomcat.util.bcel.classfile.ConstantPool.<init>(ConstantPool.java:60)
	at org.apache.tomcat.util.bcel.classfile.ClassParser.readConstantPool(ClassParser.java:209)
	at org.apache.tomcat.util.bcel.classfile.ClassParser.parse(ClassParser.java:119)
	at org.apache.catalina.startup.ContextConfig.processAnnotationsStream(ContextConfig.java:2104)
	at org.apache.catalina.startup.ContextConfig.processAnnotationsJar(ContextConfig.java:1980)
	at org.apache.catalina.startup.ContextConfig.processAnnotationsUrl(ContextConfig.java:1946)
	at org.apache.catalina.startup.ContextConfig.processAnnotations(ContextConfig.java:1931)
	at org.apache.catalina.startup.ContextConfig.webConfig(ContextConfig.java:1325)
	at org.apache.catalina.startup.ContextConfig.configureStart(ContextConfig.java:878)
	at org.apache.catalina.startup.ContextConfig.lifecycleEvent(ContextConfig.java:369)
	at org.apache.catalina.util.LifecycleSupport.fireLifecycleEvent(LifecycleSupport.java:119)
	at org.apache.catalina.util.LifecycleBase.fireLifecycleEvent(LifecycleBase.java:90)
	at org.apache.catalina.core.StandardContext.startInternal(StandardContext.java:5173)
	at org.apache.catalina.util.LifecycleBase.start(LifecycleBase.java:150)
	at org.apache.catalina.core.StandardContext.reload(StandardContext.java:3920)
	at org.apache.catalina.loader.WebappLoader.backgroundProcess(WebappLoader.java:426)
	at org.apache.catalina.core.ContainerBase.backgroundProcess(ContainerBase.java:1345)
	at org.apache.catalina.core.ContainerBase$ContainerBackgroundProcessor.processChildren(ContainerBase.java:1530)
	at org.apache.catalina.core.ContainerBase$ContainerBackgroundProcessor.processChildren(ContainerBase.java:1540)
	at org.apache.catalina.core.ContainerBase$ContainerBackgroundProcessor.processChildren(ContainerBase.java:1540)
	at org.apache.catalina.core.ContainerBase$ContainerBackgroundProcessor.run(ContainerBase.java:1519)
	at java.lang.Thread.run(Thread.java:745)

Oct 24, 2017 10:11:08 PM org.apache.catalina.startup.ContextConfig processAnnotationsJar
SEVERE: Unable to process Jar entry [module-info.class] from Jar [jar:file:/home/user/apache-tomcat-7.0.34/webapps/myEndPointApp/WEB-INF/lib/javax.json-1.1.jar!/] for annotations
org.apache.tomcat.util.bcel.classfile.ClassFormatException: Invalid byte tag in constant pool: 19
	at org.apache.tomcat.util.bcel.classfile.Constant.readConstant(Constant.java:133)
	at org.apache.tomcat.util.bcel.classfile.ConstantPool.<init>(ConstantPool.java:60)
	at org.apache.tomcat.util.bcel.classfile.ClassParser.readConstantPool(ClassParser.java:209)
	at org.apache.tomcat.util.bcel.classfile.ClassParser.parse(ClassParser.java:119)
	at org.apache.catalina.startup.ContextConfig.processAnnotationsStream(ContextConfig.java:2104)
	at org.apache.catalina.startup.ContextConfig.processAnnotationsJar(ContextConfig.java:1980)
	at org.apache.catalina.startup.ContextConfig.processAnnotationsUrl(ContextConfig.java:1946)
	at org.apache.catalina.startup.ContextConfig.processAnnotations(ContextConfig.java:1931)
	at org.apache.catalina.startup.ContextConfig.webConfig(ContextConfig.java:1325)
	at org.apache.catalina.startup.ContextConfig.configureStart(ContextConfig.java:878)
	at org.apache.catalina.startup.ContextConfig.lifecycleEvent(ContextConfig.java:369)
	at org.apache.catalina.util.LifecycleSupport.fireLifecycleEvent(LifecycleSupport.java:119)
	at org.apache.catalina.util.LifecycleBase.fireLifecycleEvent(LifecycleBase.java:90)
	at org.apache.catalina.core.StandardContext.startInternal(StandardContext.java:5173)
	at org.apache.catalina.util.LifecycleBase.start(LifecycleBase.java:150)
	at org.apache.catalina.core.StandardContext.reload(StandardContext.java:3920)
	at org.apache.catalina.loader.WebappLoader.backgroundProcess(WebappLoader.java:426)
	at org.apache.catalina.core.ContainerBase.backgroundProcess(ContainerBase.java:1345)
	at org.apache.catalina.core.ContainerBase$ContainerBackgroundProcessor.processChildren(ContainerBase.java:1530)
	at org.apache.catalina.core.ContainerBase$ContainerBackgroundProcessor.processChildren(ContainerBase.java:1540)
	at org.apache.catalina.core.ContainerBase$ContainerBackgroundProcessor.processChildren(ContainerBase.java:1540)
	at org.apache.catalina.core.ContainerBase$ContainerBackgroundProcessor.run(ContainerBase.java:1519)
	at java.lang.Thread.run(Thread.java:745)

Oct 24, 2017 10:11:08 PM org.apache.catalina.core.StandardContext reload
INFO: Reloading Context with name [/myEndPointApp] is completed
